[ 2015-05-27T10:35:57+08:00 ] 127.0.0.1 /
INFO: [ app_init ] --START--
INFO: Run Behavior\BuildLiteBehavior [ RunTime:0.000000s ]
INFO: [ app_init ] --END-- [ RunTime:0.001000s ]
INFO: [ app_begin ] --START--
INFO: Run Behavior\ReadHtmlCacheBehavior [ RunTime:0.000000s ]
INFO: [ app_begin ] --END-- [ RunTime:0.000000s ]
NOTIC: [2048] Declaration of Home\Controller\IndexController::show() should be compatible with that of Think\Controller::show() D:\AppServ\vhost\bm\Application\Home\Controller\IndexController.class.php 第 4 行.
SQL: SHOW COLUMNS FROM `ebm_project` [ RunTime:0.0260s ]
SQL: SELECT * FROM `ebm_project` ORDER BY listorder DESC,id DESC  [ RunTime:0.0010s ]
INFO: [ view_parse ] --START--
INFO: [ template_filter ] --START--
INFO: Run Behavior\ContentReplaceBehavior [ RunTime:0.000000s ]
INFO: [ template_filter ] --END-- [ RunTime:0.000000s ]
INFO: Run Behavior\ParseTemplateBehavior [ RunTime:0.018001s ]
INFO: [ view_parse ] --END-- [ RunTime:0.018001s ]
INFO: [ view_filter ] --START--
INFO: Run Behavior\WriteHtmlCacheBehavior [ RunTime:0.000000s ]
INFO: [ view_filter ] --END-- [ RunTime:0.000000s ]
INFO: [ app_end ] --START--
INFO: Run Behavior\ShowPageTraceBehavior [ RunTime:0.001000s ]
INFO: [ app_end ] --END-- [ RunTime:0.001000s ]

[ 2015-05-27T10:35:58+08:00 ] 127.0.0.1 /
INFO: [ app_init ] --START--
INFO: Run Behavior\BuildLiteBehavior [ RunTime:0.000000s ]
INFO: [ app_init ] --END-- [ RunTime:0.001000s ]
INFO: [ app_begin ] --START--
INFO: Run Behavior\ReadHtmlCacheBehavior [ RunTime:0.001000s ]
INFO: [ app_begin ] --END-- [ RunTime:0.001000s ]
NOTIC: [2048] Declaration of Home\Controller\IndexController::show() should be compatible with that of Think\Controller::show() D:\AppServ\vhost\bm\Application\Home\Controller\IndexController.class.php 第 4 行.
SQL: SHOW COLUMNS FROM `ebm_project` [ RunTime:0.0060s ]
SQL: SELECT * FROM `ebm_project` ORDER BY listorder DESC,id DESC  [ RunTime:0.0000s ]
INFO: [ view_parse ] --START--
INFO: [ template_filter ] --START--
INFO: Run Behavior\ContentReplaceBehavior [ RunTime:0.000000s ]
INFO: [ template_filter ] --END-- [ RunTime:0.000000s ]
INFO: Run Behavior\ParseTemplateBehavior [ RunTime:0.008001s ]
INFO: [ view_parse ] --END-- [ RunTime:0.008001s ]
INFO: [ view_filter ] --START--
INFO: Run Behavior\WriteHtmlCacheBehavior [ RunTime:0.000000s ]
INFO: [ view_filter ] --END-- [ RunTime:0.000000s ]
INFO: [ app_end ] --START--
INFO: Run Behavior\ShowPageTraceBehavior [ RunTime:0.000000s ]
INFO: [ app_end ] --END-- [ RunTime:0.001000s ]

[ 2015-05-27T10:35:59+08:00 ] 127.0.0.1 /Home/index/show/cname/alp1.html
INFO: [ app_init ] --START--
INFO: Run Behavior\BuildLiteBehavior [ RunTime:0.000000s ]
INFO: [ app_init ] --END-- [ RunTime:0.000000s ]
INFO: [ app_begin ] --START--
INFO: Run Behavior\ReadHtmlCacheBehavior [ RunTime:0.001000s ]
INFO: [ app_begin ] --END-- [ RunTime:0.001000s ]
NOTIC: [2048] Declaration of Home\Controller\IndexController::show() should be compatible with that of Think\Controller::show() D:\AppServ\vhost\bm\Application\Home\Controller\IndexController.class.php 第 4 行.
SQL: SHOW COLUMNS FROM `ebm_project` [ RunTime:0.0060s ]
SQL: SELECT * FROM `ebm_project` WHERE `cname` = 'alp1' LIMIT 1   [ RunTime:0.0010s ]
SQL: SHOW COLUMNS FROM `ebm_fields` [ RunTime:0.0310s ]
SQL: SELECT * FROM `ebm_fields` WHERE `mid` = 6 AND `state` = 1 ORDER BY listorder DESC,id ASC  [ RunTime:0.0010s ]
SQL: SELECT * FROM `ebm_fields` WHERE `mid` = 6 AND `state` = 1 AND `type` = 6  [ RunTime:0.0000s ]
SQL: SELECT * FROM `ebm_fields` WHERE `mid` = 6 AND `state` = 1 AND `type` = 8  [ RunTime:0.0010s ]
INFO: [ view_parse ] --START--
INFO: [ template_filter ] --START--
INFO: Run Behavior\ContentReplaceBehavior [ RunTime:0.000000s ]
INFO: [ template_filter ] --END-- [ RunTime:0.001000s ]
INFO: Run Behavior\ParseTemplateBehavior [ RunTime:0.015001s ]
INFO: [ view_parse ] --END-- [ RunTime:0.015001s ]
INFO: [ view_filter ] --START--
INFO: Run Behavior\WriteHtmlCacheBehavior [ RunTime:0.000000s ]
INFO: [ view_filter ] --END-- [ RunTime:0.000000s ]
INFO: [ app_end ] --START--
INFO: Run Behavior\ShowPageTraceBehavior [ RunTime:0.001000s ]
INFO: [ app_end ] --END-- [ RunTime:0.001000s ]

[ 2015-05-27T14:56:57+08:00 ] 127.0.0.1 /
INFO: [ app_init ] --START--
INFO: Run Behavior\BuildLiteBehavior [ RunTime:0.000000s ]
INFO: [ app_init ] --END-- [ RunTime:0.001000s ]
INFO: [ app_begin ] --START--
INFO: Run Behavior\ReadHtmlCacheBehavior [ RunTime:0.001000s ]
INFO: [ app_begin ] --END-- [ RunTime:0.001000s ]
NOTIC: [2048] Declaration of Home\Controller\IndexController::show() should be compatible with that of Think\Controller::show() D:\AppServ\vhost\bm\Application\Home\Controller\IndexController.class.php 第 4 行.
SQL: SHOW COLUMNS FROM `ebm_project` [ RunTime:0.0080s ]
SQL: SELECT * FROM `ebm_project` ORDER BY listorder DESC,id DESC  [ RunTime:0.0010s ]
INFO: [ view_parse ] --START--
INFO: [ template_filter ] --START--
INFO: Run Behavior\ContentReplaceBehavior [ RunTime:0.000000s ]
INFO: [ template_filter ] --END-- [ RunTime:0.000000s ]
INFO: Run Behavior\ParseTemplateBehavior [ RunTime:0.019001s ]
INFO: [ view_parse ] --END-- [ RunTime:0.019001s ]
INFO: [ view_filter ] --START--
INFO: Run Behavior\WriteHtmlCacheBehavior [ RunTime:0.000000s ]
INFO: [ view_filter ] --END-- [ RunTime:0.000000s ]
INFO: [ app_end ] --START--
INFO: Run Behavior\ShowPageTraceBehavior [ RunTime:0.001000s ]
INFO: [ app_end ] --END-- [ RunTime:0.001000s ]

[ 2015-05-27T14:56:58+08:00 ] 127.0.0.1 /Home/index/show/cname/etuan5.html
INFO: [ app_init ] --START--
INFO: Run Behavior\BuildLiteBehavior [ RunTime:0.000000s ]
INFO: [ app_init ] --END-- [ RunTime:0.001000s ]
INFO: [ app_begin ] --START--
INFO: Run Behavior\ReadHtmlCacheBehavior [ RunTime:0.001001s ]
INFO: [ app_begin ] --END-- [ RunTime:0.001001s ]
NOTIC: [2048] Declaration of Home\Controller\IndexController::show() should be compatible with that of Think\Controller::show() D:\AppServ\vhost\bm\Application\Home\Controller\IndexController.class.php 第 4 行.
SQL: SHOW COLUMNS FROM `ebm_project` [ RunTime:0.0080s ]
SQL: SELECT * FROM `ebm_project` WHERE `cname` = 'etuan5' LIMIT 1   [ RunTime:0.0010s ]
SQL: SHOW COLUMNS FROM `ebm_fields` [ RunTime:0.0130s ]
SQL: SELECT * FROM `ebm_fields` WHERE `mid` = 4 AND `state` = 1 ORDER BY listorder DESC,id ASC  [ RunTime:0.0000s ]
SQL: SELECT * FROM `ebm_fields` WHERE `mid` = 4 AND `state` = 1 AND `type` = 6  [ RunTime:0.0010s ]
SQL: SELECT * FROM `ebm_fields` WHERE `mid` = 4 AND `state` = 1 AND `type` = 8  [ RunTime:0.0000s ]
INFO: [ view_parse ] --START--
INFO: [ template_filter ] --START--
INFO: Run Behavior\ContentReplaceBehavior [ RunTime:0.000000s ]
INFO: [ template_filter ] --END-- [ RunTime:0.000000s ]
INFO: Run Behavior\ParseTemplateBehavior [ RunTime:0.018001s ]
INFO: [ view_parse ] --END-- [ RunTime:0.018001s ]
INFO: [ view_filter ] --START--
INFO: Run Behavior\WriteHtmlCacheBehavior [ RunTime:0.000000s ]
INFO: [ view_filter ] --END-- [ RunTime:0.000000s ]
INFO: [ app_end ] --START--
INFO: Run Behavior\ShowPageTraceBehavior [ RunTime:0.000000s ]
INFO: [ app_end ] --END-- [ RunTime:0.000000s ]

[ 2015-05-27T14:59:25+08:00 ] 127.0.0.1 /Home/index/infosub.html
INFO: [ app_init ] --START--
INFO: Run Behavior\BuildLiteBehavior [ RunTime:0.000000s ]
INFO: [ app_init ] --END-- [ RunTime:0.000000s ]
INFO: [ app_begin ] --START--
INFO: Run Behavior\ReadHtmlCacheBehavior [ RunTime:0.002000s ]
INFO: [ app_begin ] --END-- [ RunTime:0.002000s ]
NOTIC: [2048] Declaration of Home\Controller\IndexController::show() should be compatible with that of Think\Controller::show() D:\AppServ\vhost\bm\Application\Home\Controller\IndexController.class.php 第 4 行.
SQL: SHOW COLUMNS FROM `ebm_project` [ RunTime:0.0060s ]
SQL: SELECT `model` FROM `ebm_project` WHERE `id` = 1 LIMIT 1   [ RunTime:0.0000s ]
SQL: SHOW COLUMNS FROM `ebm_fields` [ RunTime:0.0060s ]
SQL: SELECT * FROM `ebm_fields` WHERE `mid` = 4 AND `type` = 7  [ RunTime:0.0000s ]
INFO: [ view_parse ] --START--
INFO: [ template_filter ] --START--
INFO: Run Behavior\ContentReplaceBehavior [ RunTime:0.001000s ]
INFO: [ template_filter ] --END-- [ RunTime:0.001000s ]
INFO: Run Behavior\ParseTemplateBehavior [ RunTime:0.019001s ]
INFO: [ view_parse ] --END-- [ RunTime:0.019001s ]
INFO: [ view_filter ] --START--
INFO: Run Behavior\WriteHtmlCacheBehavior [ RunTime:0.000000s ]
INFO: [ view_filter ] --END-- [ RunTime:0.000000s ]

[ 2015-05-27T15:00:19+08:00 ] 127.0.0.1 /Home/index/infosub.html
INFO: [ app_init ] --START--
INFO: Run Behavior\BuildLiteBehavior [ RunTime:0.000000s ]
INFO: [ app_init ] --END-- [ RunTime:0.000000s ]
INFO: [ app_begin ] --START--
INFO: Run Behavior\ReadHtmlCacheBehavior [ RunTime:0.001000s ]
INFO: [ app_begin ] --END-- [ RunTime:0.001000s ]
NOTIC: [2048] Declaration of Home\Controller\IndexController::show() should be compatible with that of Think\Controller::show() D:\AppServ\vhost\bm\Application\Home\Controller\IndexController.class.php 第 4 行.
SQL: SHOW COLUMNS FROM `ebm_project` [ RunTime:0.0080s ]
SQL: SELECT `model` FROM `ebm_project` WHERE `id` = 1 LIMIT 1   [ RunTime:0.0000s ]
SQL: SHOW COLUMNS FROM `ebm_fields` [ RunTime:0.0060s ]
SQL: SELECT * FROM `ebm_fields` WHERE `mid` = 4 AND `type` = 7  [ RunTime:0.0010s ]
NOTIC: [2] call_user_func() expects parameter 1 to be a valid callback, no array or string given D:\AppServ\vhost\bm\ThinkPHP\Library\Think\Upload.class.php 第 170 行.
SQL: SELECT * FROM `ebm_fields` WHERE `mid` = 4 AND `type` = 8  [ RunTime:0.0000s ]
SQL: SELECT * FROM `ebm_fields` WHERE `mid` = 4 AND `required` = 1  [ RunTime:0.0000s ]
NOTIC: [8] Undefined index: intro D:\AppServ\vhost\bm\Application\Home\Controller\IndexController.class.php 第 70 行.
INFO: [ view_parse ] --START--
INFO: [ template_filter ] --START--
INFO: Run Behavior\ContentReplaceBehavior [ RunTime:0.000000s ]
INFO: [ template_filter ] --END-- [ RunTime:0.000000s ]
INFO: Run Behavior\ParseTemplateBehavior [ RunTime:0.008001s ]
INFO: [ view_parse ] --END-- [ RunTime:0.008001s ]
INFO: [ view_filter ] --START--
INFO: Run Behavior\WriteHtmlCacheBehavior [ RunTime:0.000000s ]
INFO: [ view_filter ] --END-- [ RunTime:0.000000s ]

[ 2015-05-27T15:00:27+08:00 ] 127.0.0.1 /Home/index/show/cname/etuan5.html
INFO: [ app_init ] --START--
INFO: Run Behavior\BuildLiteBehavior [ RunTime:0.000000s ]
INFO: [ app_init ] --END-- [ RunTime:0.001000s ]
INFO: [ app_begin ] --START--
INFO: Run Behavior\ReadHtmlCacheBehavior [ RunTime:0.001000s ]
INFO: [ app_begin ] --END-- [ RunTime:0.001000s ]
NOTIC: [2048] Declaration of Home\Controller\IndexController::show() should be compatible with that of Think\Controller::show() D:\AppServ\vhost\bm\Application\Home\Controller\IndexController.class.php 第 4 行.
SQL: SHOW COLUMNS FROM `ebm_project` [ RunTime:0.0080s ]
SQL: SELECT * FROM `ebm_project` WHERE `cname` = 'etuan5' LIMIT 1   [ RunTime:0.0010s ]
SQL: SHOW COLUMNS FROM `ebm_fields` [ RunTime:0.0060s ]
SQL: SELECT * FROM `ebm_fields` WHERE `mid` = 4 AND `state` = 1 ORDER BY listorder DESC,id ASC  [ RunTime:0.0010s ]
SQL: SELECT * FROM `ebm_fields` WHERE `mid` = 4 AND `state` = 1 AND `type` = 6  [ RunTime:0.0010s ]
SQL: SELECT * FROM `ebm_fields` WHERE `mid` = 4 AND `state` = 1 AND `type` = 8  [ RunTime:0.0000s ]
INFO: [ view_parse ] --START--
INFO: [ template_filter ] --START--
INFO: Run Behavior\ContentReplaceBehavior [ RunTime:0.000000s ]
INFO: [ template_filter ] --END-- [ RunTime:0.001000s ]
INFO: Run Behavior\ParseTemplateBehavior [ RunTime:0.017001s ]
INFO: [ view_parse ] --END-- [ RunTime:0.017001s ]
INFO: [ view_filter ] --START--
INFO: Run Behavior\WriteHtmlCacheBehavior [ RunTime:0.001000s ]
INFO: [ view_filter ] --END-- [ RunTime:0.001000s ]
INFO: [ app_end ] --START--
INFO: Run Behavior\ShowPageTraceBehavior [ RunTime:0.002000s ]
INFO: [ app_end ] --END-- [ RunTime:0.002000s ]

[ 2015-05-27T15:01:00+08:00 ] 127.0.0.1 /Home/index/infosub.html
INFO: [ app_init ] --START--
INFO: Run Behavior\BuildLiteBehavior [ RunTime:0.000000s ]
INFO: [ app_init ] --END-- [ RunTime:0.001000s ]
INFO: [ app_begin ] --START--
INFO: Run Behavior\ReadHtmlCacheBehavior [ RunTime:0.001000s ]
INFO: [ app_begin ] --END-- [ RunTime:0.001000s ]
NOTIC: [2048] Declaration of Home\Controller\IndexController::show() should be compatible with that of Think\Controller::show() D:\AppServ\vhost\bm\Application\Home\Controller\IndexController.class.php 第 4 行.
SQL: SHOW COLUMNS FROM `ebm_project` [ RunTime:0.0060s ]
SQL: SELECT `model` FROM `ebm_project` WHERE `id` = 1 LIMIT 1   [ RunTime:0.0000s ]
SQL: SHOW COLUMNS FROM `ebm_fields` [ RunTime:0.0060s ]
SQL: SELECT * FROM `ebm_fields` WHERE `mid` = 4 AND `type` = 7  [ RunTime:0.0000s ]
NOTIC: [2] call_user_func() expects parameter 1 to be a valid callback, no array or string given D:\AppServ\vhost\bm\ThinkPHP\Library\Think\Upload.class.php 第 170 行.
SQL: SELECT * FROM `ebm_fields` WHERE `mid` = 4 AND `type` = 8  [ RunTime:0.0000s ]
SQL: SELECT * FROM `ebm_fields` WHERE `mid` = 4 AND `required` = 1  [ RunTime:0.0000s ]
NOTIC: [8] Undefined index: intro D:\AppServ\vhost\bm\Application\Home\Controller\IndexController.class.php 第 70 行.
INFO: [ view_parse ] --START--
INFO: [ template_filter ] --START--
INFO: Run Behavior\ContentReplaceBehavior [ RunTime:0.000000s ]
INFO: [ template_filter ] --END-- [ RunTime:0.000000s ]
INFO: Run Behavior\ParseTemplateBehavior [ RunTime:0.008000s ]
INFO: [ view_parse ] --END-- [ RunTime:0.008000s ]
INFO: [ view_filter ] --START--
INFO: Run Behavior\WriteHtmlCacheBehavior [ RunTime:0.001000s ]
INFO: [ view_filter ] --END-- [ RunTime:0.001000s ]

[ 2015-05-27T15:01:56+08:00 ] 127.0.0.1 /Home/index/infosub.html
INFO: [ app_init ] --START--
INFO: Run Behavior\BuildLiteBehavior [ RunTime:0.000000s ]
INFO: [ app_init ] --END-- [ RunTime:0.001000s ]
INFO: [ app_begin ] --START--
INFO: Run Behavior\ReadHtmlCacheBehavior [ RunTime:0.002000s ]
INFO: [ app_begin ] --END-- [ RunTime:0.002000s ]
NOTIC: [2048] Declaration of Home\Controller\IndexController::show() should be compatible with that of Think\Controller::show() D:\AppServ\vhost\bm\Application\Home\Controller\IndexController.class.php 第 4 行.
SQL: SHOW COLUMNS FROM `ebm_project` [ RunTime:0.0080s ]
SQL: SELECT `model` FROM `ebm_project` WHERE `id` = 1 LIMIT 1   [ RunTime:0.0010s ]
SQL: SHOW COLUMNS FROM `ebm_fields` [ RunTime:0.0080s ]
SQL: SELECT * FROM `ebm_fields` WHERE `mid` = 4 AND `type` = 7  [ RunTime:0.0000s ]
NOTIC: [2] call_user_func() expects parameter 1 to be a valid callback, no array or string given D:\AppServ\vhost\bm\ThinkPHP\Library\Think\Upload.class.php 第 170 行.
SQL: SELECT * FROM `ebm_fields` WHERE `mid` = 4 AND `required` = 1  [ RunTime:0.0020s ]
SQL: SELECT * FROM `ebm_fields` WHERE `mid` = 4 AND `pattern` <> ''  [ RunTime:0.0010s ]
SQL: SELECT * FROM `ebm_fields` WHERE `mid` = 4 AND `type` = 8  [ RunTime:0.0010s ]
SQL: SHOW COLUMNS FROM `ebm_model` [ RunTime:0.0060s ]
SQL: SELECT `cname` FROM `ebm_model` WHERE `mid` = 4 LIMIT 1   [ RunTime:0.0010s ]
SQL: SHOW COLUMNS FROM `ebm_etuan` [ RunTime:0.0110s ]

[ 2015-05-27T15:02:56+08:00 ] 127.0.0.1 /Home/index/infosub.html
INFO: [ app_init ] --START--
INFO: Run Behavior\BuildLiteBehavior [ RunTime:0.000000s ]
INFO: [ app_init ] --END-- [ RunTime:0.001000s ]
INFO: [ app_begin ] --START--
INFO: Run Behavior\ReadHtmlCacheBehavior [ RunTime:0.001000s ]
INFO: [ app_begin ] --END-- [ RunTime:0.001000s ]
NOTIC: [2048] Declaration of Home\Controller\IndexController::show() should be compatible with that of Think\Controller::show() D:\AppServ\vhost\bm\Application\Home\Controller\IndexController.class.php 第 4 行.
SQL: SHOW COLUMNS FROM `ebm_project` [ RunTime:0.0080s ]
SQL: SELECT `model` FROM `ebm_project` WHERE `id` = 1 LIMIT 1   [ RunTime:0.0020s ]
SQL: SHOW COLUMNS FROM `ebm_fields` [ RunTime:0.0130s ]
SQL: SELECT * FROM `ebm_fields` WHERE `mid` = 4 AND `type` = 7  [ RunTime:0.0000s ]
NOTIC: [2] call_user_func() expects parameter 1 to be a valid callback, no array or string given D:\AppServ\vhost\bm\ThinkPHP\Library\Think\Upload.class.php 第 170 行.
SQL: SELECT * FROM `ebm_fields` WHERE `mid` = 4 AND `required` = 1  [ RunTime:0.0010s ]
SQL: SELECT * FROM `ebm_fields` WHERE `mid` = 4 AND `pattern` <> ''  [ RunTime:0.0010s ]
SQL: SELECT * FROM `ebm_fields` WHERE `mid` = 4 AND `type` = 8  [ RunTime:0.0000s ]
SQL: SHOW COLUMNS FROM `ebm_model` [ RunTime:0.0090s ]
SQL: SELECT `cname` FROM `ebm_model` WHERE `mid` = 4 LIMIT 1   [ RunTime:0.0010s ]
SQL: SHOW COLUMNS FROM `ebm_etuan` [ RunTime:0.0060s ]

[ 2015-05-27T15:06:52+08:00 ] 127.0.0.1 /Home/index/show/cname/etuan5.html
INFO: [ app_init ] --START--
INFO: Run Behavior\BuildLiteBehavior [ RunTime:0.000000s ]
INFO: [ app_init ] --END-- [ RunTime:0.000000s ]
INFO: [ app_begin ] --START--
INFO: Run Behavior\ReadHtmlCacheBehavior [ RunTime:0.001000s ]
INFO: [ app_begin ] --END-- [ RunTime:0.001000s ]
NOTIC: [2048] Declaration of Home\Controller\IndexController::show() should be compatible with that of Think\Controller::show() D:\AppServ\vhost\bm\Application\Home\Controller\IndexController.class.php 第 4 行.
SQL: SHOW COLUMNS FROM `ebm_project` [ RunTime:0.0060s ]
SQL: SELECT * FROM `ebm_project` WHERE `cname` = 'etuan5' LIMIT 1   [ RunTime:0.0000s ]
SQL: SHOW COLUMNS FROM `ebm_fields` [ RunTime:0.0090s ]
SQL: SELECT * FROM `ebm_fields` WHERE `mid` = 4 AND `state` = 1 ORDER BY listorder DESC,id ASC  [ RunTime:0.0000s ]
SQL: SELECT * FROM `ebm_fields` WHERE `mid` = 4 AND `state` = 1 AND `type` = 6  [ RunTime:0.0010s ]
SQL: SELECT * FROM `ebm_fields` WHERE `mid` = 4 AND `state` = 1 AND `type` = 8  [ RunTime:0.0000s ]
INFO: [ view_parse ] --START--
INFO: [ template_filter ] --START--
INFO: Run Behavior\ContentReplaceBehavior [ RunTime:0.000000s ]
INFO: [ template_filter ] --END-- [ RunTime:0.000000s ]
INFO: Run Behavior\ParseTemplateBehavior [ RunTime:0.017000s ]
INFO: [ view_parse ] --END-- [ RunTime:0.017000s ]
INFO: [ view_filter ] --START--
INFO: Run Behavior\WriteHtmlCacheBehavior [ RunTime:0.000000s ]
INFO: [ view_filter ] --END-- [ RunTime:0.000000s ]
INFO: [ app_end ] --START--
INFO: Run Behavior\ShowPageTraceBehavior [ RunTime:0.001001s ]
INFO: [ app_end ] --END-- [ RunTime:0.001001s ]

[ 2015-05-27T15:07:00+08:00 ] 127.0.0.1 /Home/index/show/cname/etuan5.html
INFO: [ app_init ] --START--
INFO: Run Behavior\BuildLiteBehavior [ RunTime:0.000000s ]
INFO: [ app_init ] --END-- [ RunTime:0.001000s ]
INFO: [ app_begin ] --START--
INFO: Run Behavior\ReadHtmlCacheBehavior [ RunTime:0.001000s ]
INFO: [ app_begin ] --END-- [ RunTime:0.001000s ]
NOTIC: [2048] Declaration of Home\Controller\IndexController::show() should be compatible with that of Think\Controller::show() D:\AppServ\vhost\bm\Application\Home\Controller\IndexController.class.php 第 4 行.
SQL: SHOW COLUMNS FROM `ebm_project` [ RunTime:0.0090s ]
SQL: SELECT * FROM `ebm_project` WHERE `cname` = 'etuan5' LIMIT 1   [ RunTime:0.0000s ]
SQL: SHOW COLUMNS FROM `ebm_fields` [ RunTime:0.0080s ]
SQL: SELECT * FROM `ebm_fields` WHERE `mid` = 4 AND `state` = 1 ORDER BY listorder DESC,id ASC  [ RunTime:0.0000s ]
SQL: SELECT * FROM `ebm_fields` WHERE `mid` = 4 AND `state` = 1 AND `type` = 6  [ RunTime:0.0000s ]
SQL: SELECT * FROM `ebm_fields` WHERE `mid` = 4 AND `state` = 1 AND `type` = 8  [ RunTime:0.0010s ]
INFO: [ view_parse ] --START--
INFO: [ template_filter ] --START--
INFO: Run Behavior\ContentReplaceBehavior [ RunTime:0.000000s ]
INFO: [ template_filter ] --END-- [ RunTime:0.000000s ]
INFO: Run Behavior\ParseTemplateBehavior [ RunTime:0.021002s ]
INFO: [ view_parse ] --END-- [ RunTime:0.021002s ]
INFO: [ view_filter ] --START--
INFO: Run Behavior\WriteHtmlCacheBehavior [ RunTime:0.001000s ]
INFO: [ view_filter ] --END-- [ RunTime:0.001000s ]
INFO: [ app_end ] --START--
INFO: Run Behavior\ShowPageTraceBehavior [ RunTime:0.002000s ]
INFO: [ app_end ] --END-- [ RunTime:0.002000s ]

[ 2015-05-27T15:07:45+08:00 ] 127.0.0.1 /Home/index/infosub.html
INFO: [ app_init ] --START--
INFO: Run Behavior\BuildLiteBehavior [ RunTime:0.000000s ]
INFO: [ app_init ] --END-- [ RunTime:0.002000s ]
INFO: [ app_begin ] --START--
INFO: Run Behavior\ReadHtmlCacheBehavior [ RunTime:0.001000s ]
INFO: [ app_begin ] --END-- [ RunTime:0.001000s ]
NOTIC: [2048] Declaration of Home\Controller\IndexController::show() should be compatible with that of Think\Controller::show() D:\AppServ\vhost\bm\Application\Home\Controller\IndexController.class.php 第 4 行.
SQL: SHOW COLUMNS FROM `ebm_project` [ RunTime:0.0070s ]
SQL: SELECT `model` FROM `ebm_project` WHERE `id` = 1 LIMIT 1   [ RunTime:0.0000s ]
SQL: SHOW COLUMNS FROM `ebm_fields` [ RunTime:0.0050s ]
SQL: SELECT * FROM `ebm_fields` WHERE `mid` = 4 AND `type` = 7  [ RunTime:0.0010s ]
NOTIC: [2] call_user_func() expects parameter 1 to be a valid callback, no array or string given D:\AppServ\vhost\bm\ThinkPHP\Library\Think\Upload.class.php 第 170 行.
SQL: SELECT * FROM `ebm_fields` WHERE `mid` = 4 AND `required` = 1  [ RunTime:0.0000s ]
SQL: SELECT * FROM `ebm_fields` WHERE `mid` = 4 AND `pattern` <> ''  [ RunTime:0.0000s ]
SQL: SELECT * FROM `ebm_fields` WHERE `mid` = 4 AND `type` = 8  [ RunTime:0.0010s ]
SQL: SHOW COLUMNS FROM `ebm_model` [ RunTime:0.0070s ]
SQL: SELECT `cname` FROM `ebm_model` WHERE `mid` = 4 LIMIT 1   [ RunTime:0.0000s ]
SQL: SHOW COLUMNS FROM `ebm_etuan` [ RunTime:0.0070s ]
SQL: INSERT INTO `ebm_etuan` (`qq`,`glink`,`tel`,`storetype`,`sex`,`usertypes`,`etime`,`attachment`,`ctime`) VALUES ('123456','111111111111111
22222
3333333333333333333&lt;b&gt;44444&lt;/b&gt;','18766034151','淘宝','女','个体单位','1433433600','./Public/Uploads/infosubmit/20150527/55656d414ffbf.png','1432710465') [ RunTime:0.0400s ]
SQL: UPDATE `ebm_project` SET `records`=records+1 WHERE `id` = 1 [ RunTime:0.0320s ]
INFO: [ view_parse ] --START--
INFO: [ template_filter ] --START--
INFO: Run Behavior\ContentReplaceBehavior [ RunTime:0.000000s ]
INFO: [ template_filter ] --END-- [ RunTime:0.000000s ]
INFO: Run Behavior\ParseTemplateBehavior [ RunTime:0.014000s ]
INFO: [ view_parse ] --END-- [ RunTime:0.014000s ]
INFO: [ view_filter ] --START--
INFO: Run Behavior\WriteHtmlCacheBehavior [ RunTime:0.001000s ]
INFO: [ view_filter ] --END-- [ RunTime:0.001000s ]
INFO: [ app_end ] --START--
INFO: Run Behavior\ShowPageTraceBehavior [ RunTime:0.002001s ]
INFO: [ app_end ] --END-- [ RunTime:0.002001s ]

[ 2015-05-27T15:07:46+08:00 ] 127.0.0.1 /Home/index/show/cname/etuan5.html
INFO: [ app_init ] --START--
INFO: Run Behavior\BuildLiteBehavior [ RunTime:0.000000s ]
INFO: [ app_init ] --END-- [ RunTime:0.001000s ]
INFO: [ app_begin ] --START--
INFO: Run Behavior\ReadHtmlCacheBehavior [ RunTime:0.001000s ]
INFO: [ app_begin ] --END-- [ RunTime:0.001000s ]
NOTIC: [2048] Declaration of Home\Controller\IndexController::show() should be compatible with that of Think\Controller::show() D:\AppServ\vhost\bm\Application\Home\Controller\IndexController.class.php 第 4 行.
SQL: SHOW COLUMNS FROM `ebm_project` [ RunTime:0.0080s ]
SQL: SELECT * FROM `ebm_project` WHERE `cname` = 'etuan5' LIMIT 1   [ RunTime:0.0000s ]
SQL: SHOW COLUMNS FROM `ebm_fields` [ RunTime:0.0060s ]
SQL: SELECT * FROM `ebm_fields` WHERE `mid` = 4 AND `state` = 1 ORDER BY listorder DESC,id ASC  [ RunTime:0.0010s ]
SQL: SELECT * FROM `ebm_fields` WHERE `mid` = 4 AND `state` = 1 AND `type` = 6  [ RunTime:0.0000s ]
SQL: SELECT * FROM `ebm_fields` WHERE `mid` = 4 AND `state` = 1 AND `type` = 8  [ RunTime:0.0000s ]
INFO: [ view_parse ] --START--
INFO: [ template_filter ] --START--
INFO: Run Behavior\ContentReplaceBehavior [ RunTime:0.000000s ]
INFO: [ template_filter ] --END-- [ RunTime:0.000000s ]
INFO: Run Behavior\ParseTemplateBehavior [ RunTime:0.017001s ]
INFO: [ view_parse ] --END-- [ RunTime:0.017001s ]
INFO: [ view_filter ] --START--
INFO: Run Behavior\WriteHtmlCacheBehavior [ RunTime:0.000000s ]
INFO: [ view_filter ] --END-- [ RunTime:0.000000s ]
INFO: [ app_end ] --START--
INFO: Run Behavior\ShowPageTraceBehavior [ RunTime:0.001000s ]
INFO: [ app_end ] --END-- [ RunTime:0.001000s ]

[ 2015-05-27T15:10:04+08:00 ] 127.0.0.1 /
INFO: [ app_init ] --START--
INFO: Run Behavior\BuildLiteBehavior [ RunTime:0.000000s ]
INFO: [ app_init ] --END-- [ RunTime:0.000000s ]
INFO: [ app_begin ] --START--
INFO: Run Behavior\ReadHtmlCacheBehavior [ RunTime:0.001000s ]
INFO: [ app_begin ] --END-- [ RunTime:0.002000s ]
NOTIC: [2048] Declaration of Home\Controller\IndexController::show() should be compatible with that of Think\Controller::show() D:\AppServ\vhost\bm\Application\Home\Controller\IndexController.class.php 第 4 行.
SQL: SHOW COLUMNS FROM `ebm_project` [ RunTime:0.0080s ]
SQL: SELECT * FROM `ebm_project` ORDER BY listorder DESC,id DESC  [ RunTime:0.0000s ]
INFO: [ view_parse ] --START--
INFO: [ template_filter ] --START--
INFO: Run Behavior\ContentReplaceBehavior [ RunTime:0.001000s ]
INFO: [ template_filter ] --END-- [ RunTime:0.001000s ]
INFO: Run Behavior\ParseTemplateBehavior [ RunTime:0.012000s ]
INFO: [ view_parse ] --END-- [ RunTime:0.012000s ]
INFO: [ view_filter ] --START--
INFO: Run Behavior\WriteHtmlCacheBehavior [ RunTime:0.001000s ]
INFO: [ view_filter ] --END-- [ RunTime:0.001000s ]
INFO: [ app_end ] --START--
INFO: Run Behavior\ShowPageTraceBehavior [ RunTime:0.001000s ]
INFO: [ app_end ] --END-- [ RunTime:0.001000s ]

[ 2015-05-27T15:10:06+08:00 ] 127.0.0.1 /Home/index/show/cname/etuan5.html
INFO: [ app_init ] --START--
INFO: Run Behavior\BuildLiteBehavior [ RunTime:0.000000s ]
INFO: [ app_init ] --END-- [ RunTime:0.000000s ]
INFO: [ app_begin ] --START--
INFO: Run Behavior\ReadHtmlCacheBehavior [ RunTime:0.002000s ]
INFO: [ app_begin ] --END-- [ RunTime:0.002000s ]
NOTIC: [2048] Declaration of Home\Controller\IndexController::show() should be compatible with that of Think\Controller::show() D:\AppServ\vhost\bm\Application\Home\Controller\IndexController.class.php 第 4 行.
SQL: SHOW COLUMNS FROM `ebm_project` [ RunTime:0.0120s ]
SQL: SELECT * FROM `ebm_project` WHERE `cname` = 'etuan5' LIMIT 1   [ RunTime:0.0010s ]
SQL: SHOW COLUMNS FROM `ebm_fields` [ RunTime:0.0060s ]
SQL: SELECT * FROM `ebm_fields` WHERE `mid` = 4 AND `state` = 1 ORDER BY listorder DESC,id ASC  [ RunTime:0.0010s ]
SQL: SELECT * FROM `ebm_fields` WHERE `mid` = 4 AND `state` = 1 AND `type` = 6  [ RunTime:0.0010s ]
SQL: SELECT * FROM `ebm_fields` WHERE `mid` = 4 AND `state` = 1 AND `type` = 8  [ RunTime:0.0000s ]
INFO: [ view_parse ] --START--
INFO: [ template_filter ] --START--
INFO: Run Behavior\ContentReplaceBehavior [ RunTime:0.001000s ]
INFO: [ template_filter ] --END-- [ RunTime:0.001000s ]
INFO: Run Behavior\ParseTemplateBehavior [ RunTime:0.027002s ]
INFO: [ view_parse ] --END-- [ RunTime:0.027002s ]
INFO: [ view_filter ] --START--
INFO: Run Behavior\WriteHtmlCacheBehavior [ RunTime:0.001000s ]
INFO: [ view_filter ] --END-- [ RunTime:0.001000s ]
INFO: [ app_end ] --START--
INFO: Run Behavior\ShowPageTraceBehavior [ RunTime:0.001000s ]
INFO: [ app_end ] --END-- [ RunTime:0.001000s ]

[ 2015-05-27T15:10:37+08:00 ] 127.0.0.1 /Home/index/infosub.html
INFO: [ app_init ] --START--
INFO: Run Behavior\BuildLiteBehavior [ RunTime:0.000000s ]
INFO: [ app_init ] --END-- [ RunTime:0.001000s ]
INFO: [ app_begin ] --START--
INFO: Run Behavior\ReadHtmlCacheBehavior [ RunTime:0.001001s ]
INFO: [ app_begin ] --END-- [ RunTime:0.001001s ]
NOTIC: [2048] Declaration of Home\Controller\IndexController::show() should be compatible with that of Think\Controller::show() D:\AppServ\vhost\bm\Application\Home\Controller\IndexController.class.php 第 4 行.
SQL: SHOW COLUMNS FROM `ebm_project` [ RunTime:0.0060s ]
SQL: SELECT `model` FROM `ebm_project` WHERE `id` = 1 LIMIT 1   [ RunTime:0.0000s ]
SQL: SHOW COLUMNS FROM `ebm_fields` [ RunTime:0.0090s ]
SQL: SELECT * FROM `ebm_fields` WHERE `mid` = 4 AND `type` = 7  [ RunTime:0.0000s ]
NOTIC: [2] call_user_func() expects parameter 1 to be a valid callback, no array or string given D:\AppServ\vhost\bm\ThinkPHP\Library\Think\Upload.class.php 第 170 行.
SQL: SELECT * FROM `ebm_fields` WHERE `mid` = 4 AND `required` = 1  [ RunTime:0.0010s ]
SQL: SELECT * FROM `ebm_fields` WHERE `mid` = 4 AND `pattern` <> ''  [ RunTime:0.0010s ]
SQL: SELECT * FROM `ebm_fields` WHERE `mid` = 4 AND `type` = 8  [ RunTime:0.0010s ]
SQL: SHOW COLUMNS FROM `ebm_model` [ RunTime:0.0060s ]
SQL: SELECT `cname` FROM `ebm_model` WHERE `mid` = 4 LIMIT 1   [ RunTime:0.0010s ]
SQL: SHOW COLUMNS FROM `ebm_etuan` [ RunTime:0.0070s ]
SQL: INSERT INTO `ebm_etuan` (`qq`,`glink`,`tel`,`storetype`,`sex`,`usertypes`,`etime`,`intro`,`attachment`,`ctime`) VALUES ('111111','111111111111111','18888888888','天猫','女','个体单位','1432656000','','./Public/Uploads/infosubmit/20150527/55656ded8c1d1.png','1432710637') [ RunTime:0.0000s ]
SQL: UPDATE `ebm_project` SET `records`=records+1 WHERE `id` = 1 [ RunTime:0.0010s ]
INFO: [ view_parse ] --START--
INFO: [ template_filter ] --START--
INFO: Run Behavior\ContentReplaceBehavior [ RunTime:0.000000s ]
INFO: [ template_filter ] --END-- [ RunTime:0.001000s ]
INFO: Run Behavior\ParseTemplateBehavior [ RunTime:0.010001s ]
INFO: [ view_parse ] --END-- [ RunTime:0.010001s ]
INFO: [ view_filter ] --START--
INFO: Run Behavior\WriteHtmlCacheBehavior [ RunTime:0.001000s ]
INFO: [ view_filter ] --END-- [ RunTime:0.001000s ]
INFO: [ app_end ] --START--
INFO: Run Behavior\ShowPageTraceBehavior [ RunTime:0.001000s ]
INFO: [ app_end ] --END-- [ RunTime:0.001000s ]

[ 2015-05-27T15:10:38+08:00 ] 127.0.0.1 /Home/index/show/cname/etuan5.html
INFO: [ app_init ] --START--
INFO: Run Behavior\BuildLiteBehavior [ RunTime:0.000000s ]
INFO: [ app_init ] --END-- [ RunTime:0.001000s ]
INFO: [ app_begin ] --START--
INFO: Run Behavior\ReadHtmlCacheBehavior [ RunTime:0.001000s ]
INFO: [ app_begin ] --END-- [ RunTime:0.001000s ]
NOTIC: [2048] Declaration of Home\Controller\IndexController::show() should be compatible with that of Think\Controller::show() D:\AppServ\vhost\bm\Application\Home\Controller\IndexController.class.php 第 4 行.
SQL: SHOW COLUMNS FROM `ebm_project` [ RunTime:0.0050s ]
SQL: SELECT * FROM `ebm_project` WHERE `cname` = 'etuan5' LIMIT 1   [ RunTime:0.0000s ]
SQL: SHOW COLUMNS FROM `ebm_fields` [ RunTime:0.0090s ]
SQL: SELECT * FROM `ebm_fields` WHERE `mid` = 4 AND `state` = 1 ORDER BY listorder DESC,id ASC  [ RunTime:0.0000s ]
SQL: SELECT * FROM `ebm_fields` WHERE `mid` = 4 AND `state` = 1 AND `type` = 6  [ RunTime:0.0000s ]
SQL: SELECT * FROM `ebm_fields` WHERE `mid` = 4 AND `state` = 1 AND `type` = 8  [ RunTime:0.0000s ]
INFO: [ view_parse ] --START--
INFO: [ template_filter ] --START--
INFO: Run Behavior\ContentReplaceBehavior [ RunTime:0.000000s ]
INFO: [ template_filter ] --END-- [ RunTime:0.000000s ]
INFO: Run Behavior\ParseTemplateBehavior [ RunTime:0.016001s ]
INFO: [ view_parse ] --END-- [ RunTime:0.017001s ]
INFO: [ view_filter ] --START--
INFO: Run Behavior\WriteHtmlCacheBehavior [ RunTime:0.001000s ]
INFO: [ view_filter ] --END-- [ RunTime:0.001000s ]
INFO: [ app_end ] --START--
INFO: Run Behavior\ShowPageTraceBehavior [ RunTime:0.001000s ]
INFO: [ app_end ] --END-- [ RunTime:0.001000s ]

[ 2015-05-27T15:17:01+08:00 ] 127.0.0.1 /Home/index/show/cname/etuan5.html
INFO: [ app_init ] --START--
INFO: Run Behavior\BuildLiteBehavior [ RunTime:0.000000s ]
INFO: [ app_init ] --END-- [ RunTime:0.001000s ]
INFO: [ app_begin ] --START--
INFO: Run Behavior\ReadHtmlCacheBehavior [ RunTime:0.001000s ]
INFO: [ app_begin ] --END-- [ RunTime:0.001000s ]
NOTIC: [2048] Declaration of Home\Controller\IndexController::show() should be compatible with that of Think\Controller::show() D:\AppServ\vhost\bm\Application\Home\Controller\IndexController.class.php 第 4 行.
SQL: SHOW COLUMNS FROM `ebm_project` [ RunTime:0.0090s ]
SQL: SELECT * FROM `ebm_project` WHERE `cname` = 'etuan5' LIMIT 1   [ RunTime:0.0000s ]
SQL: SHOW COLUMNS FROM `ebm_fields` [ RunTime:0.0060s ]
SQL: SELECT * FROM `ebm_fields` WHERE `mid` = 4 AND `state` = 1 ORDER BY listorder DESC,id ASC  [ RunTime:0.0010s ]
SQL: SELECT * FROM `ebm_fields` WHERE `mid` = 4 AND `state` = 1 AND `type` = 6  [ RunTime:0.0000s ]
SQL: SELECT * FROM `ebm_fields` WHERE `mid` = 4 AND `state` = 1 AND `type` = 8  [ RunTime:0.0000s ]
INFO: [ view_parse ] --START--
INFO: [ template_filter ] --START--
INFO: Run Behavior\ContentReplaceBehavior [ RunTime:0.000000s ]
INFO: [ template_filter ] --END-- [ RunTime:0.000000s ]
INFO: Run Behavior\ParseTemplateBehavior [ RunTime:0.023001s ]
INFO: [ view_parse ] --END-- [ RunTime:0.023001s ]
INFO: [ view_filter ] --START--
INFO: Run Behavior\WriteHtmlCacheBehavior [ RunTime:0.001000s ]
INFO: [ view_filter ] --END-- [ RunTime:0.002000s ]
INFO: [ app_end ] --START--
INFO: Run Behavior\ShowPageTraceBehavior [ RunTime:0.002000s ]
INFO: [ app_end ] --END-- [ RunTime:0.002000s ]

[ 2015-05-27T15:17:36+08:00 ] 127.0.0.1 /Home/index/infosub.html
INFO: [ app_init ] --START--
INFO: Run Behavior\BuildLiteBehavior [ RunTime:0.000000s ]
INFO: [ app_init ] --END-- [ RunTime:0.001000s ]
INFO: [ app_begin ] --START--
INFO: Run Behavior\ReadHtmlCacheBehavior [ RunTime:0.001000s ]
INFO: [ app_begin ] --END-- [ RunTime:0.001000s ]
NOTIC: [2048] Declaration of Home\Controller\IndexController::show() should be compatible with that of Think\Controller::show() D:\AppServ\vhost\bm\Application\Home\Controller\IndexController.class.php 第 4 行.
SQL: SHOW COLUMNS FROM `ebm_project` [ RunTime:0.0080s ]
SQL: SELECT `model` FROM `ebm_project` WHERE `id` = 1 LIMIT 1   [ RunTime:0.0010s ]
SQL: SHOW COLUMNS FROM `ebm_fields` [ RunTime:0.0080s ]
SQL: SELECT * FROM `ebm_fields` WHERE `mid` = 4 AND `type` = 7  [ RunTime:0.0010s ]
NOTIC: [2] call_user_func() expects parameter 1 to be a valid callback, no array or string given D:\AppServ\vhost\bm\ThinkPHP\Library\Think\Upload.class.php 第 170 行.
SQL: SELECT * FROM `ebm_fields` WHERE `mid` = 4 AND `required` = 1  [ RunTime:0.0010s ]
SQL: SELECT * FROM `ebm_fields` WHERE `mid` = 4 AND `pattern` <> ''  [ RunTime:0.0000s ]
SQL: SELECT * FROM `ebm_fields` WHERE `mid` = 4 AND `type` = 8  [ RunTime:0.0010s ]
SQL: SHOW COLUMNS FROM `ebm_model` [ RunTime:0.0050s ]
SQL: SELECT `cname` FROM `ebm_model` WHERE `mid` = 4 LIMIT 1   [ RunTime:0.0010s ]
SQL: SHOW COLUMNS FROM `ebm_etuan` [ RunTime:0.0090s ]
SQL: INSERT INTO `ebm_etuan` (`qq`,`glink`,`tel`,`storetype`,`sex`,`usertypes`,`etime`,`attachment`,`ctime`) VALUES ('123123','12222222','18888888888','天猫','保密','个体单位','1433433600','./Public/Uploads/infosubmit/20150527/55656f906c1ea.png','1432711056') [ RunTime:0.0010s ]
SQL: UPDATE `ebm_etuan` SET `intro`='<p>121212121</p><p>aaaaaaaaaaaaaaaaaaaaaaaaaa</p><p><span style=\"color: rgb(255, 0, 0);\"><em><strong>dfdfdfdfd</strong></em></span></p>' WHERE ( id=5 ) [ RunTime:0.0010s ]
SQL: UPDATE `ebm_project` SET `records`=records+1 WHERE `id` = 1 [ RunTime:0.0000s ]
INFO: [ view_parse ] --START--
INFO: [ template_filter ] --START--
INFO: Run Behavior\ContentReplaceBehavior [ RunTime:0.000000s ]
INFO: [ template_filter ] --END-- [ RunTime:0.000000s ]
INFO: Run Behavior\ParseTemplateBehavior [ RunTime:0.008001s ]
INFO: [ view_parse ] --END-- [ RunTime:0.008001s ]
INFO: [ view_filter ] --START--
INFO: Run Behavior\WriteHtmlCacheBehavior [ RunTime:0.000000s ]
INFO: [ view_filter ] --END-- [ RunTime:0.000000s ]
INFO: [ app_end ] --START--
INFO: Run Behavior\ShowPageTraceBehavior [ RunTime:0.001000s ]
INFO: [ app_end ] --END-- [ RunTime:0.001000s ]

[ 2015-05-27T15:17:37+08:00 ] 127.0.0.1 /Home/index/show/cname/etuan5.html
INFO: [ app_init ] --START--
INFO: Run Behavior\BuildLiteBehavior [ RunTime:0.000000s ]
INFO: [ app_init ] --END-- [ RunTime:0.001000s ]
INFO: [ app_begin ] --START--
INFO: Run Behavior\ReadHtmlCacheBehavior [ RunTime:0.001000s ]
INFO: [ app_begin ] --END-- [ RunTime:0.001000s ]
NOTIC: [2048] Declaration of Home\Controller\IndexController::show() should be compatible with that of Think\Controller::show() D:\AppServ\vhost\bm\Application\Home\Controller\IndexController.class.php 第 4 行.
SQL: SHOW COLUMNS FROM `ebm_project` [ RunTime:0.0090s ]
SQL: SELECT * FROM `ebm_project` WHERE `cname` = 'etuan5' LIMIT 1   [ RunTime:0.0000s ]
SQL: SHOW COLUMNS FROM `ebm_fields` [ RunTime:0.0070s ]
SQL: SELECT * FROM `ebm_fields` WHERE `mid` = 4 AND `state` = 1 ORDER BY listorder DESC,id ASC  [ RunTime:0.0010s ]
SQL: SELECT * FROM `ebm_fields` WHERE `mid` = 4 AND `state` = 1 AND `type` = 6  [ RunTime:0.0000s ]
SQL: SELECT * FROM `ebm_fields` WHERE `mid` = 4 AND `state` = 1 AND `type` = 8  [ RunTime:0.0030s ]
INFO: [ view_parse ] --START--
INFO: [ template_filter ] --START--
INFO: Run Behavior\ContentReplaceBehavior [ RunTime:0.000000s ]
INFO: [ template_filter ] --END-- [ RunTime:0.000000s ]
INFO: Run Behavior\ParseTemplateBehavior [ RunTime:0.024001s ]
INFO: [ view_parse ] --END-- [ RunTime:0.024001s ]
INFO: [ view_filter ] --START--
INFO: Run Behavior\WriteHtmlCacheBehavior [ RunTime:0.001000s ]
INFO: [ view_filter ] --END-- [ RunTime:0.001000s ]
INFO: [ app_end ] --START--
INFO: Run Behavior\ShowPageTraceBehavior [ RunTime:0.001000s ]
INFO: [ app_end ] --END-- [ RunTime:0.001000s ]

[ 2015-05-27T15:24:32+08:00 ] 127.0.0.1 /Home/index/show/cname/etuan5.html
INFO: [ app_init ] --START--
INFO: Run Behavior\BuildLiteBehavior [ RunTime:0.000000s ]
INFO: [ app_init ] --END-- [ RunTime:0.001000s ]
INFO: [ app_begin ] --START--
INFO: Run Behavior\ReadHtmlCacheBehavior [ RunTime:0.000000s ]
INFO: [ app_begin ] --END-- [ RunTime:0.001001s ]
NOTIC: [2048] Declaration of Home\Controller\IndexController::show() should be compatible with that of Think\Controller::show() D:\AppServ\vhost\bm\Application\Home\Controller\IndexController.class.php 第 4 行.
SQL: SHOW COLUMNS FROM `ebm_project` [ RunTime:0.0080s ]
SQL: SELECT * FROM `ebm_project` WHERE `cname` = 'etuan5' LIMIT 1   [ RunTime:0.0000s ]
SQL: SHOW COLUMNS FROM `ebm_fields` [ RunTime:0.0060s ]
SQL: SELECT * FROM `ebm_fields` WHERE `mid` = 4 AND `state` = 1 ORDER BY listorder DESC,id ASC  [ RunTime:0.0010s ]
SQL: SELECT * FROM `ebm_fields` WHERE `mid` = 4 AND `state` = 1 AND `type` = 6  [ RunTime:0.0000s ]
SQL: SELECT * FROM `ebm_fields` WHERE `mid` = 4 AND `state` = 1 AND `type` = 8  [ RunTime:0.0000s ]
INFO: [ view_parse ] --START--
INFO: [ template_filter ] --START--
INFO: Run Behavior\ContentReplaceBehavior [ RunTime:0.000000s ]
INFO: [ template_filter ] --END-- [ RunTime:0.000000s ]
INFO: Run Behavior\ParseTemplateBehavior [ RunTime:0.018001s ]
INFO: [ view_parse ] --END-- [ RunTime:0.018001s ]
INFO: [ view_filter ] --START--
INFO: Run Behavior\WriteHtmlCacheBehavior [ RunTime:0.000000s ]
INFO: [ view_filter ] --END-- [ RunTime:0.001001s ]
INFO: [ app_end ] --START--
INFO: Run Behavior\ShowPageTraceBehavior [ RunTime:0.001000s ]
INFO: [ app_end ] --END-- [ RunTime:0.001000s ]

[ 2015-05-27T15:24:40+08:00 ] 127.0.0.1 /Home/index/show/cname/etuan5.html
INFO: [ app_init ] --START--
INFO: Run Behavior\BuildLiteBehavior [ RunTime:0.000000s ]
INFO: [ app_init ] --END-- [ RunTime:0.000000s ]
INFO: [ app_begin ] --START--
INFO: Run Behavior\ReadHtmlCacheBehavior [ RunTime:0.000000s ]
INFO: [ app_begin ] --END-- [ RunTime:0.000000s ]
NOTIC: [2048] Declaration of Home\Controller\IndexController::show() should be compatible with that of Think\Controller::show() D:\AppServ\vhost\bm\Application\Home\Controller\IndexController.class.php 第 4 行.
SQL: SHOW COLUMNS FROM `ebm_project` [ RunTime:0.0070s ]
SQL: SELECT * FROM `ebm_project` WHERE `cname` = 'etuan5' LIMIT 1   [ RunTime:0.0010s ]
SQL: SHOW COLUMNS FROM `ebm_fields` [ RunTime:0.0050s ]
SQL: SELECT * FROM `ebm_fields` WHERE `mid` = 4 AND `state` = 1 ORDER BY listorder DESC,id ASC  [ RunTime:0.0010s ]
SQL: SELECT * FROM `ebm_fields` WHERE `mid` = 4 AND `state` = 1 AND `type` = 6  [ RunTime:0.0000s ]
SQL: SELECT * FROM `ebm_fields` WHERE `mid` = 4 AND `state` = 1 AND `type` = 8  [ RunTime:0.0010s ]
INFO: [ view_parse ] --START--
INFO: [ template_filter ] --START--
INFO: Run Behavior\ContentReplaceBehavior [ RunTime:0.000000s ]
INFO: [ template_filter ] --END-- [ RunTime:0.000000s ]
INFO: Run Behavior\ParseTemplateBehavior [ RunTime:0.018001s ]
INFO: [ view_parse ] --END-- [ RunTime:0.018001s ]
INFO: [ view_filter ] --START--
INFO: Run Behavior\WriteHtmlCacheBehavior [ RunTime:0.000000s ]
INFO: [ view_filter ] --END-- [ RunTime:0.000000s ]
INFO: [ app_end ] --START--
INFO: Run Behavior\ShowPageTraceBehavior [ RunTime:0.000000s ]
INFO: [ app_end ] --END-- [ RunTime:0.001000s ]

[ 2015-05-27T15:25:07+08:00 ] 127.0.0.1 /Home/index/show/cname/etuan5.html
INFO: [ app_init ] --START--
INFO: Run Behavior\BuildLiteBehavior [ RunTime:0.000000s ]
INFO: [ app_init ] --END-- [ RunTime:0.001000s ]
INFO: [ app_begin ] --START--
INFO: Run Behavior\ReadHtmlCacheBehavior [ RunTime:0.001000s ]
INFO: [ app_begin ] --END-- [ RunTime:0.001000s ]
NOTIC: [2048] Declaration of Home\Controller\IndexController::show() should be compatible with that of Think\Controller::show() D:\AppServ\vhost\bm\Application\Home\Controller\IndexController.class.php 第 4 行.
SQL: SHOW COLUMNS FROM `ebm_project` [ RunTime:0.0070s ]
SQL: SELECT * FROM `ebm_project` WHERE `cname` = 'etuan5' LIMIT 1   [ RunTime:0.0010s ]
SQL: SHOW COLUMNS FROM `ebm_fields` [ RunTime:0.0070s ]
SQL: SELECT * FROM `ebm_fields` WHERE `mid` = 4 AND `state` = 1 ORDER BY listorder DESC,id ASC  [ RunTime:0.0010s ]
SQL: SELECT * FROM `ebm_fields` WHERE `mid` = 4 AND `state` = 1 AND `type` = 6  [ RunTime:0.0000s ]
SQL: SELECT * FROM `ebm_fields` WHERE `mid` = 4 AND `state` = 1 AND `type` = 8  [ RunTime:0.0000s ]
INFO: [ view_parse ] --START--
INFO: [ template_filter ] --START--
INFO: Run Behavior\ContentReplaceBehavior [ RunTime:0.000000s ]
INFO: [ template_filter ] --END-- [ RunTime:0.000000s ]
INFO: Run Behavior\ParseTemplateBehavior [ RunTime:0.017001s ]
INFO: [ view_parse ] --END-- [ RunTime:0.017001s ]
INFO: [ view_filter ] --START--
INFO: Run Behavior\WriteHtmlCacheBehavior [ RunTime:0.001000s ]
INFO: [ view_filter ] --END-- [ RunTime:0.001000s ]
INFO: [ app_end ] --START--
INFO: Run Behavior\ShowPageTraceBehavior [ RunTime:0.001000s ]
INFO: [ app_end ] --END-- [ RunTime:0.001000s ]

[ 2015-05-27T15:25:25+08:00 ] 127.0.0.1 /Home/index/infosub.html
INFO: [ app_init ] --START--
INFO: Run Behavior\BuildLiteBehavior [ RunTime:0.000000s ]
INFO: [ app_init ] --END-- [ RunTime:0.000000s ]
INFO: [ app_begin ] --START--
INFO: Run Behavior\ReadHtmlCacheBehavior [ RunTime:0.001000s ]
INFO: [ app_begin ] --END-- [ RunTime:0.001000s ]
NOTIC: [2048] Declaration of Home\Controller\IndexController::show() should be compatible with that of Think\Controller::show() D:\AppServ\vhost\bm\Application\Home\Controller\IndexController.class.php 第 4 行.

[ 2015-05-27T15:25:48+08:00 ] 127.0.0.1 /Home/index/infosub.html
INFO: [ app_init ] --START--
INFO: Run Behavior\BuildLiteBehavior [ RunTime:0.000000s ]
INFO: [ app_init ] --END-- [ RunTime:0.001000s ]
INFO: [ app_begin ] --START--
INFO: Run Behavior\ReadHtmlCacheBehavior [ RunTime:0.001000s ]
INFO: [ app_begin ] --END-- [ RunTime:0.001000s ]
NOTIC: [2048] Declaration of Home\Controller\IndexController::show() should be compatible with that of Think\Controller::show() D:\AppServ\vhost\bm\Application\Home\Controller\IndexController.class.php 第 4 行.
SQL: SHOW COLUMNS FROM `ebm_project` [ RunTime:0.0060s ]
SQL: SELECT `model` FROM `ebm_project` WHERE `id` = 1 LIMIT 1   [ RunTime:0.0010s ]
SQL: SHOW COLUMNS FROM `ebm_fields` [ RunTime:0.0090s ]
SQL: SELECT * FROM `ebm_fields` WHERE `mid` = 4 AND `type` = 7  [ RunTime:0.0000s ]
NOTIC: [2] call_user_func() expects parameter 1 to be a valid callback, no array or string given D:\AppServ\vhost\bm\ThinkPHP\Library\Think\Upload.class.php 第 170 行.
SQL: SELECT * FROM `ebm_fields` WHERE `mid` = 4 AND `required` = 1  [ RunTime:0.0010s ]
INFO: [ view_parse ] --START--
INFO: [ template_filter ] --START--
INFO: Run Behavior\ContentReplaceBehavior [ RunTime:0.000000s ]
INFO: [ template_filter ] --END-- [ RunTime:0.000000s ]
INFO: Run Behavior\ParseTemplateBehavior [ RunTime:0.008000s ]
INFO: [ view_parse ] --END-- [ RunTime:0.008000s ]
INFO: [ view_filter ] --START--
INFO: Run Behavior\WriteHtmlCacheBehavior [ RunTime:0.001000s ]
INFO: [ view_filter ] --END-- [ RunTime:0.001000s ]

[ 2015-05-27T15:25:52+08:00 ] 127.0.0.1 /Home/index/show/cname/etuan5.html
INFO: [ app_init ] --START--
INFO: Run Behavior\BuildLiteBehavior [ RunTime:0.000000s ]
INFO: [ app_init ] --END-- [ RunTime:0.000000s ]
INFO: [ app_begin ] --START--
INFO: Run Behavior\ReadHtmlCacheBehavior [ RunTime:0.001000s ]
INFO: [ app_begin ] --END-- [ RunTime:0.001000s ]
NOTIC: [2048] Declaration of Home\Controller\IndexController::show() should be compatible with that of Think\Controller::show() D:\AppServ\vhost\bm\Application\Home\Controller\IndexController.class.php 第 4 行.
SQL: SHOW COLUMNS FROM `ebm_project` [ RunTime:0.0080s ]
SQL: SELECT * FROM `ebm_project` WHERE `cname` = 'etuan5' LIMIT 1   [ RunTime:0.0000s ]
SQL: SHOW COLUMNS FROM `ebm_fields` [ RunTime:0.0050s ]
SQL: SELECT * FROM `ebm_fields` WHERE `mid` = 4 AND `state` = 1 ORDER BY listorder DESC,id ASC  [ RunTime:0.0000s ]
SQL: SELECT * FROM `ebm_fields` WHERE `mid` = 4 AND `state` = 1 AND `type` = 6  [ RunTime:0.0000s ]
SQL: SELECT * FROM `ebm_fields` WHERE `mid` = 4 AND `state` = 1 AND `type` = 8  [ RunTime:0.0000s ]
INFO: [ view_parse ] --START--
INFO: [ template_filter ] --START--
INFO: Run Behavior\ContentReplaceBehavior [ RunTime:0.000000s ]
INFO: [ template_filter ] --END-- [ RunTime:0.000000s ]
INFO: Run Behavior\ParseTemplateBehavior [ RunTime:0.017001s ]
INFO: [ view_parse ] --END-- [ RunTime:0.017001s ]
INFO: [ view_filter ] --START--
INFO: Run Behavior\WriteHtmlCacheBehavior [ RunTime:0.001000s ]
INFO: [ view_filter ] --END-- [ RunTime:0.001000s ]
INFO: [ app_end ] --START--
INFO: Run Behavior\ShowPageTraceBehavior [ RunTime:0.001000s ]
INFO: [ app_end ] --END-- [ RunTime:0.001000s ]

[ 2015-05-27T15:26:11+08:00 ] 127.0.0.1 /Home/index/infosub.html
INFO: [ app_init ] --START--
INFO: Run Behavior\BuildLiteBehavior [ RunTime:0.000000s ]
INFO: [ app_init ] --END-- [ RunTime:0.001000s ]
INFO: [ app_begin ] --START--
INFO: Run Behavior\ReadHtmlCacheBehavior [ RunTime:0.001000s ]
INFO: [ app_begin ] --END-- [ RunTime:0.001000s ]
NOTIC: [2048] Declaration of Home\Controller\IndexController::show() should be compatible with that of Think\Controller::show() D:\AppServ\vhost\bm\Application\Home\Controller\IndexController.class.php 第 4 行.
SQL: SHOW COLUMNS FROM `ebm_project` [ RunTime:0.0080s ]
SQL: SELECT `model` FROM `ebm_project` WHERE `id` = 1 LIMIT 1   [ RunTime:0.0000s ]
SQL: SHOW COLUMNS FROM `ebm_fields` [ RunTime:0.0060s ]
SQL: SELECT * FROM `ebm_fields` WHERE `mid` = 4 AND `type` = 7  [ RunTime:0.0010s ]
NOTIC: [2] call_user_func() expects parameter 1 to be a valid callback, no array or string given D:\AppServ\vhost\bm\ThinkPHP\Library\Think\Upload.class.php 第 170 行.
SQL: SELECT * FROM `ebm_fields` WHERE `mid` = 4 AND `required` = 1  [ RunTime:0.0000s ]
SQL: SELECT * FROM `ebm_fields` WHERE `mid` = 4 AND `pattern` <> ''  [ RunTime:0.0010s ]
SQL: SELECT * FROM `ebm_fields` WHERE `mid` = 4 AND `type` = 8  [ RunTime:0.0000s ]
SQL: SHOW COLUMNS FROM `ebm_model` [ RunTime:0.0060s ]
SQL: SELECT `cname` FROM `ebm_model` WHERE `mid` = 4 LIMIT 1   [ RunTime:0.0000s ]
SQL: SHOW COLUMNS FROM `ebm_etuan` [ RunTime:0.0050s ]
SQL: INSERT INTO `ebm_etuan` (`qq`,`glink`,`tel`,`storetype`,`sex`,`etime`,`attachment`,`ctime`) VALUES ('1113484046','aaaaa','18888888888','淘宝','女','1432828800','./Public/Uploads/infosubmit/20150527/556571936665d.png','1432711571') [ RunTime:0.0010s ]
SQL: UPDATE `ebm_etuan` SET `intro`='<p>aaaaa</p>' WHERE ( id=6 ) [ RunTime:0.0000s ]
SQL: UPDATE `ebm_project` SET `records`=records+1 WHERE `id` = 1 [ RunTime:0.0010s ]
INFO: [ view_parse ] --START--
INFO: [ template_filter ] --START--
INFO: Run Behavior\ContentReplaceBehavior [ RunTime:0.000000s ]
INFO: [ template_filter ] --END-- [ RunTime:0.000000s ]
INFO: Run Behavior\ParseTemplateBehavior [ RunTime:0.008000s ]
INFO: [ view_parse ] --END-- [ RunTime:0.008000s ]
INFO: [ view_filter ] --START--
INFO: Run Behavior\WriteHtmlCacheBehavior [ RunTime:0.000000s ]
INFO: [ view_filter ] --END-- [ RunTime:0.001000s ]
INFO: [ app_end ] --START--
INFO: Run Behavior\ShowPageTraceBehavior [ RunTime:0.000000s ]
INFO: [ app_end ] --END-- [ RunTime:0.000000s ]

[ 2015-05-27T15:26:12+08:00 ] 127.0.0.1 /Home/index/show/cname/etuan5.html
INFO: [ app_init ] --START--
INFO: Run Behavior\BuildLiteBehavior [ RunTime:0.000000s ]
INFO: [ app_init ] --END-- [ RunTime:0.000000s ]
INFO: [ app_begin ] --START--
INFO: Run Behavior\ReadHtmlCacheBehavior [ RunTime:0.001000s ]
INFO: [ app_begin ] --END-- [ RunTime:0.001000s ]
NOTIC: [2048] Declaration of Home\Controller\IndexController::show() should be compatible with that of Think\Controller::show() D:\AppServ\vhost\bm\Application\Home\Controller\IndexController.class.php 第 4 行.
SQL: SHOW COLUMNS FROM `ebm_project` [ RunTime:0.0080s ]
SQL: SELECT * FROM `ebm_project` WHERE `cname` = 'etuan5' LIMIT 1   [ RunTime:0.0000s ]
SQL: SHOW COLUMNS FROM `ebm_fields` [ RunTime:0.0060s ]
SQL: SELECT * FROM `ebm_fields` WHERE `mid` = 4 AND `state` = 1 ORDER BY listorder DESC,id ASC  [ RunTime:0.0010s ]
SQL: SELECT * FROM `ebm_fields` WHERE `mid` = 4 AND `state` = 1 AND `type` = 6  [ RunTime:0.0100s ]
SQL: SELECT * FROM `ebm_fields` WHERE `mid` = 4 AND `state` = 1 AND `type` = 8  [ RunTime:0.0040s ]
INFO: [ view_parse ] --START--
INFO: [ template_filter ] --START--
INFO: Run Behavior\ContentReplaceBehavior [ RunTime:0.000000s ]
INFO: [ template_filter ] --END-- [ RunTime:0.000000s ]
INFO: Run Behavior\ParseTemplateBehavior [ RunTime:0.020002s ]
INFO: [ view_parse ] --END-- [ RunTime:0.020002s ]
INFO: [ view_filter ] --START--
INFO: Run Behavior\WriteHtmlCacheBehavior [ RunTime:0.001000s ]
INFO: [ view_filter ] --END-- [ RunTime:0.001000s ]
INFO: [ app_end ] --START--
INFO: Run Behavior\ShowPageTraceBehavior [ RunTime:0.001000s ]
INFO: [ app_end ] --END-- [ RunTime:0.002000s ]

[ 2015-05-27T15:30:53+08:00 ] 127.0.0.1 /Home/index/show/cname/etuan5.html
INFO: [ app_init ] --START--
INFO: Run Behavior\BuildLiteBehavior [ RunTime:0.000000s ]
INFO: [ app_init ] --END-- [ RunTime:0.001000s ]
INFO: [ app_begin ] --START--
INFO: Run Behavior\ReadHtmlCacheBehavior [ RunTime:0.002000s ]
INFO: [ app_begin ] --END-- [ RunTime:0.002000s ]
NOTIC: [2048] Declaration of Home\Controller\IndexController::show() should be compatible with that of Think\Controller::show() D:\AppServ\vhost\bm\Application\Home\Controller\IndexController.class.php 第 4 行.
SQL: SHOW COLUMNS FROM `ebm_project` [ RunTime:0.0270s ]
SQL: SELECT * FROM `ebm_project` WHERE `cname` = 'etuan5' LIMIT 1   [ RunTime:0.0010s ]
SQL: SHOW COLUMNS FROM `ebm_fields` [ RunTime:0.0150s ]
SQL: SELECT * FROM `ebm_fields` WHERE `mid` = 4 AND `state` = 1 ORDER BY listorder DESC,id ASC  [ RunTime:0.0020s ]
SQL: SELECT * FROM `ebm_fields` WHERE `mid` = 4 AND `state` = 1 AND `type` = 6  [ RunTime:0.0020s ]
SQL: SELECT * FROM `ebm_fields` WHERE `mid` = 4 AND `state` = 1 AND `type` = 8  [ RunTime:0.0010s ]
INFO: [ view_parse ] --START--
INFO: [ template_filter ] --START--
INFO: Run Behavior\ContentReplaceBehavior [ RunTime:0.000000s ]
INFO: [ template_filter ] --END-- [ RunTime:0.000000s ]
INFO: Run Behavior\ParseTemplateBehavior [ RunTime:0.021001s ]
INFO: [ view_parse ] --END-- [ RunTime:0.021001s ]
INFO: [ view_filter ] --START--
INFO: Run Behavior\WriteHtmlCacheBehavior [ RunTime:0.000000s ]
INFO: [ view_filter ] --END-- [ RunTime:0.001000s ]
INFO: [ app_end ] --START--
INFO: Run Behavior\ShowPageTraceBehavior [ RunTime:0.001000s ]
INFO: [ app_end ] --END-- [ RunTime:0.001000s ]

[ 2015-05-27T15:31:14+08:00 ] 127.0.0.1 /Home/index/infosub.html
INFO: [ app_init ] --START--
INFO: Run Behavior\BuildLiteBehavior [ RunTime:0.000000s ]
INFO: [ app_init ] --END-- [ RunTime:0.003000s ]
INFO: [ app_begin ] --START--
INFO: Run Behavior\ReadHtmlCacheBehavior [ RunTime:0.001000s ]
INFO: [ app_begin ] --END-- [ RunTime:0.001000s ]
NOTIC: [2048] Declaration of Home\Controller\IndexController::show() should be compatible with that of Think\Controller::show() D:\AppServ\vhost\bm\Application\Home\Controller\IndexController.class.php 第 4 行.
SQL: SHOW COLUMNS FROM `ebm_project` [ RunTime:0.0060s ]
SQL: SELECT `model` FROM `ebm_project` WHERE `id` = 1 LIMIT 1   [ RunTime:0.0010s ]
SQL: SHOW COLUMNS FROM `ebm_fields` [ RunTime:0.0050s ]
SQL: SELECT * FROM `ebm_fields` WHERE `mid` = 4 AND `type` = 7  [ RunTime:0.0000s ]
NOTIC: [2] call_user_func() expects parameter 1 to be a valid callback, no array or string given D:\AppServ\vhost\bm\ThinkPHP\Library\Think\Upload.class.php 第 170 行.
SQL: SELECT * FROM `ebm_fields` WHERE `mid` = 4 AND `required` = 1  [ RunTime:0.0010s ]
SQL: SELECT * FROM `ebm_fields` WHERE `mid` = 4 AND `pattern` <> ''  [ RunTime:0.0000s ]
SQL: SELECT * FROM `ebm_fields` WHERE `mid` = 4 AND `type` = 5  [ RunTime:0.0020s ]

[ 2015-05-27T15:31:22+08:00 ] 127.0.0.1 /Home/index/infosub.html
INFO: [ app_init ] --START--
INFO: Run Behavior\BuildLiteBehavior [ RunTime:0.000000s ]
INFO: [ app_init ] --END-- [ RunTime:0.001000s ]
INFO: [ app_begin ] --START--
INFO: Run Behavior\ReadHtmlCacheBehavior [ RunTime:0.001000s ]
INFO: [ app_begin ] --END-- [ RunTime:0.001000s ]
NOTIC: [2048] Declaration of Home\Controller\IndexController::show() should be compatible with that of Think\Controller::show() D:\AppServ\vhost\bm\Application\Home\Controller\IndexController.class.php 第 4 行.
SQL: SHOW COLUMNS FROM `ebm_project` [ RunTime:0.0070s ]
SQL: SELECT `model` FROM `ebm_project` WHERE `id` = 1 LIMIT 1   [ RunTime:0.0010s ]
SQL: SHOW COLUMNS FROM `ebm_fields` [ RunTime:0.0080s ]
SQL: SELECT * FROM `ebm_fields` WHERE `mid` = 4 AND `type` = 7  [ RunTime:0.0020s ]
NOTIC: [2] call_user_func() expects parameter 1 to be a valid callback, no array or string given D:\AppServ\vhost\bm\ThinkPHP\Library\Think\Upload.class.php 第 170 行.
SQL: SELECT * FROM `ebm_fields` WHERE `mid` = 4 AND `required` = 1  [ RunTime:0.0010s ]
SQL: SELECT * FROM `ebm_fields` WHERE `mid` = 4 AND `pattern` <> ''  [ RunTime:0.0000s ]
SQL: SELECT * FROM `ebm_fields` WHERE `mid` = 4 AND `type` = 5  [ RunTime:0.0000s ]

[ 2015-05-27T15:31:42+08:00 ] 127.0.0.1 /Home/index/infosub.html
INFO: [ app_init ] --START--
INFO: Run Behavior\BuildLiteBehavior [ RunTime:0.000000s ]
INFO: [ app_init ] --END-- [ RunTime:0.001000s ]
INFO: [ app_begin ] --START--
INFO: Run Behavior\ReadHtmlCacheBehavior [ RunTime:0.001000s ]
INFO: [ app_begin ] --END-- [ RunTime:0.001000s ]
NOTIC: [2048] Declaration of Home\Controller\IndexController::show() should be compatible with that of Think\Controller::show() D:\AppServ\vhost\bm\Application\Home\Controller\IndexController.class.php 第 4 行.
SQL: SHOW COLUMNS FROM `ebm_project` [ RunTime:0.0080s ]
SQL: SELECT `model` FROM `ebm_project` WHERE `id` = 1 LIMIT 1   [ RunTime:0.0000s ]
SQL: SHOW COLUMNS FROM `ebm_fields` [ RunTime:0.0080s ]
SQL: SELECT * FROM `ebm_fields` WHERE `mid` = 4 AND `type` = 7  [ RunTime:0.0010s ]
NOTIC: [2] call_user_func() expects parameter 1 to be a valid callback, no array or string given D:\AppServ\vhost\bm\ThinkPHP\Library\Think\Upload.class.php 第 170 行.
SQL: SELECT * FROM `ebm_fields` WHERE `mid` = 4 AND `required` = 1  [ RunTime:0.0020s ]
SQL: SELECT * FROM `ebm_fields` WHERE `mid` = 4 AND `pattern` <> ''  [ RunTime:0.0010s ]
SQL: SELECT * FROM `ebm_fields` WHERE `mid` = 4 AND `type` = 5  [ RunTime:0.0010s ]
SQL: SELECT * FROM `ebm_fields` WHERE `mid` = 4 AND `type` = 8  [ RunTime:0.0010s ]
SQL: SHOW COLUMNS FROM `ebm_model` [ RunTime:0.0070s ]
SQL: SELECT `cname` FROM `ebm_model` WHERE `mid` = 4 LIMIT 1   [ RunTime:0.0010s ]
SQL: SHOW COLUMNS FROM `ebm_etuan` [ RunTime:0.0070s ]
SQL: INSERT INTO `ebm_etuan` (`qq`,`glink`,`tel`,`storetype`,`sex`,`usertypes`,`etime`,`attachment`,`ctime`) VALUES ('1113484046','aaaa','18888888888','天猫','女','政府单位-企业单位-个体单位','1432742400','./Public/Uploads/infosubmit/20150527/556572de9d595.png','1432711902') [ RunTime:0.0010s ]
SQL: UPDATE `ebm_etuan` SET `intro`='<p>aaaa</p>' WHERE ( id=7 ) [ RunTime:0.0000s ]
SQL: UPDATE `ebm_project` SET `records`=records+1 WHERE `id` = 1 [ RunTime:0.0000s ]
INFO: [ view_parse ] --START--
INFO: [ template_filter ] --START--
INFO: Run Behavior\ContentReplaceBehavior [ RunTime:0.000000s ]
INFO: [ template_filter ] --END-- [ RunTime:0.000000s ]
INFO: Run Behavior\ParseTemplateBehavior [ RunTime:0.007001s ]
INFO: [ view_parse ] --END-- [ RunTime:0.007001s ]
INFO: [ view_filter ] --START--
INFO: Run Behavior\WriteHtmlCacheBehavior [ RunTime:0.001000s ]
INFO: [ view_filter ] --END-- [ RunTime:0.001000s ]
INFO: [ app_end ] --START--
INFO: Run Behavior\ShowPageTraceBehavior [ RunTime:0.001000s ]
INFO: [ app_end ] --END-- [ RunTime:0.001000s ]

[ 2015-05-27T15:49:28+08:00 ] 127.0.0.1 /Home/index/show/cname/etuan5.html
INFO: [ app_init ] --START--
INFO: Run Behavior\BuildLiteBehavior [ RunTime:0.000000s ]
INFO: [ app_init ] --END-- [ RunTime:0.002001s ]
INFO: [ app_begin ] --START--
INFO: Run Behavior\ReadHtmlCacheBehavior [ RunTime:0.001000s ]
INFO: [ app_begin ] --END-- [ RunTime:0.001000s ]
NOTIC: [2048] Declaration of Home\Controller\IndexController::show() should be compatible with that of Think\Controller::show() D:\AppServ\vhost\bm\Application\Home\Controller\IndexController.class.php 第 4 行.
SQL: SHOW COLUMNS FROM `ebm_project` [ RunTime:0.0100s ]
SQL: SELECT * FROM `ebm_project` WHERE `cname` = 'etuan5' LIMIT 1   [ RunTime:0.0010s ]
SQL: SHOW COLUMNS FROM `ebm_fields` [ RunTime:0.0160s ]
SQL: SELECT * FROM `ebm_fields` WHERE `mid` = 4 AND `state` = 1 ORDER BY listorder DESC,id ASC  [ RunTime:0.0010s ]
SQL: SELECT * FROM `ebm_fields` WHERE `mid` = 4 AND `state` = 1 AND `type` = 6  [ RunTime:0.0040s ]
SQL: SELECT * FROM `ebm_fields` WHERE `mid` = 4 AND `state` = 1 AND `type` = 8  [ RunTime:0.0010s ]
INFO: [ view_parse ] --START--
INFO: [ template_filter ] --START--
INFO: Run Behavior\ContentReplaceBehavior [ RunTime:0.000000s ]
INFO: [ template_filter ] --END-- [ RunTime:0.000000s ]
INFO: Run Behavior\ParseTemplateBehavior [ RunTime:0.021002s ]
INFO: [ view_parse ] --END-- [ RunTime:0.021002s ]
INFO: [ view_filter ] --START--
INFO: Run Behavior\WriteHtmlCacheBehavior [ RunTime:0.000000s ]
INFO: [ view_filter ] --END-- [ RunTime:0.000000s ]
INFO: [ app_end ] --START--
INFO: Run Behavior\ShowPageTraceBehavior [ RunTime:0.001000s ]
INFO: [ app_end ] --END-- [ RunTime:0.001000s ]

[ 2015-05-27T15:49:30+08:00 ] 127.0.0.1 /Home/index/show/cname/etuan5.html
INFO: [ app_init ] --START--
INFO: Run Behavior\BuildLiteBehavior [ RunTime:0.000000s ]
INFO: [ app_init ] --END-- [ RunTime:0.001000s ]
INFO: [ app_begin ] --START--
INFO: Run Behavior\ReadHtmlCacheBehavior [ RunTime:0.001000s ]
INFO: [ app_begin ] --END-- [ RunTime:0.002000s ]
NOTIC: [2048] Declaration of Home\Controller\IndexController::show() should be compatible with that of Think\Controller::show() D:\AppServ\vhost\bm\Application\Home\Controller\IndexController.class.php 第 4 行.
SQL: SHOW COLUMNS FROM `ebm_project` [ RunTime:0.0070s ]
SQL: SELECT * FROM `ebm_project` WHERE `cname` = 'etuan5' LIMIT 1   [ RunTime:0.0000s ]
SQL: SHOW COLUMNS FROM `ebm_fields` [ RunTime:0.0050s ]
SQL: SELECT * FROM `ebm_fields` WHERE `mid` = 4 AND `state` = 1 ORDER BY listorder DESC,id ASC  [ RunTime:0.0000s ]
SQL: SELECT * FROM `ebm_fields` WHERE `mid` = 4 AND `state` = 1 AND `type` = 6  [ RunTime:0.0000s ]
SQL: SELECT * FROM `ebm_fields` WHERE `mid` = 4 AND `state` = 1 AND `type` = 8  [ RunTime:0.0000s ]
INFO: [ view_parse ] --START--
INFO: [ template_filter ] --START--
INFO: Run Behavior\ContentReplaceBehavior [ RunTime:0.000000s ]
INFO: [ template_filter ] --END-- [ RunTime:0.000000s ]
INFO: Run Behavior\ParseTemplateBehavior [ RunTime:0.017001s ]
INFO: [ view_parse ] --END-- [ RunTime:0.017001s ]
INFO: [ view_filter ] --START--
INFO: Run Behavior\WriteHtmlCacheBehavior [ RunTime:0.001000s ]
INFO: [ view_filter ] --END-- [ RunTime:0.001000s ]
INFO: [ app_end ] --START--
INFO: Run Behavior\ShowPageTraceBehavior [ RunTime:0.001000s ]
INFO: [ app_end ] --END-- [ RunTime:0.001000s ]

[ 2015-05-27T15:49:49+08:00 ] 127.0.0.1 /Home/index/show/cname/etuan5.html
INFO: [ app_init ] --START--
INFO: Run Behavior\BuildLiteBehavior [ RunTime:0.000000s ]
INFO: [ app_init ] --END-- [ RunTime:0.001000s ]
INFO: [ app_begin ] --START--
INFO: Run Behavior\ReadHtmlCacheBehavior [ RunTime:0.001000s ]
INFO: [ app_begin ] --END-- [ RunTime:0.001000s ]
NOTIC: [2048] Declaration of Home\Controller\IndexController::show() should be compatible with that of Think\Controller::show() D:\AppServ\vhost\bm\Application\Home\Controller\IndexController.class.php 第 4 行.
SQL: SHOW COLUMNS FROM `ebm_project` [ RunTime:0.0080s ]
SQL: SELECT * FROM `ebm_project` WHERE `cname` = 'etuan5' LIMIT 1   [ RunTime:0.0010s ]
SQL: SHOW COLUMNS FROM `ebm_fields` [ RunTime:0.0090s ]
SQL: SELECT * FROM `ebm_fields` WHERE `mid` = 4 AND `state` = 1 ORDER BY listorder DESC,id ASC  [ RunTime:0.0010s ]
SQL: SELECT * FROM `ebm_fields` WHERE `mid` = 4 AND `state` = 1 AND `type` = 6  [ RunTime:0.0010s ]
SQL: SELECT * FROM `ebm_fields` WHERE `mid` = 4 AND `state` = 1 AND `type` = 8  [ RunTime:0.0010s ]
INFO: [ view_parse ] --START--
INFO: [ template_filter ] --START--
INFO: Run Behavior\ContentReplaceBehavior [ RunTime:0.000000s ]
INFO: [ template_filter ] --END-- [ RunTime:0.000000s ]
INFO: Run Behavior\ParseTemplateBehavior [ RunTime:0.020001s ]
INFO: [ view_parse ] --END-- [ RunTime:0.020001s ]
INFO: [ view_filter ] --START--
INFO: Run Behavior\WriteHtmlCacheBehavior [ RunTime:0.001000s ]
INFO: [ view_filter ] --END-- [ RunTime:0.001000s ]
INFO: [ app_end ] --START--
INFO: Run Behavior\ShowPageTraceBehavior [ RunTime:0.001000s ]
INFO: [ app_end ] --END-- [ RunTime:0.001000s ]

[ 2015-05-27T15:49:51+08:00 ] 127.0.0.1 /Home/index/infosub.html
INFO: [ app_init ] --START--
INFO: Run Behavior\BuildLiteBehavior [ RunTime:0.000000s ]
INFO: [ app_init ] --END-- [ RunTime:0.001000s ]
INFO: [ app_begin ] --START--
INFO: Run Behavior\ReadHtmlCacheBehavior [ RunTime:0.000000s ]
INFO: [ app_begin ] --END-- [ RunTime:0.001001s ]
NOTIC: [2048] Declaration of Home\Controller\IndexController::show() should be compatible with that of Think\Controller::show() D:\AppServ\vhost\bm\Application\Home\Controller\IndexController.class.php 第 4 行.
SQL: SHOW COLUMNS FROM `ebm_project` [ RunTime:0.0070s ]
SQL: SELECT `model` FROM `ebm_project` WHERE `id` = 1 LIMIT 1   [ RunTime:0.0010s ]
SQL: SHOW COLUMNS FROM `ebm_fields` [ RunTime:0.0110s ]
SQL: SELECT * FROM `ebm_fields` WHERE `mid` = 4 AND `state` = 1  [ RunTime:0.0000s ]
INFO: [ view_parse ] --START--
INFO: [ template_filter ] --START--
INFO: Run Behavior\ContentReplaceBehavior [ RunTime:0.000000s ]
INFO: [ template_filter ] --END-- [ RunTime:0.001000s ]
INFO: Run Behavior\ParseTemplateBehavior [ RunTime:0.011001s ]
INFO: [ view_parse ] --END-- [ RunTime:0.011001s ]
INFO: [ view_filter ] --START--
INFO: Run Behavior\WriteHtmlCacheBehavior [ RunTime:0.001000s ]
INFO: [ view_filter ] --END-- [ RunTime:0.001000s ]

[ 2015-05-27T15:50:19+08:00 ] 127.0.0.1 /Home/index/infosub.html
INFO: [ app_init ] --START--
INFO: Run Behavior\BuildLiteBehavior [ RunTime:0.000000s ]
INFO: [ app_init ] --END-- [ RunTime:0.001000s ]
INFO: [ app_begin ] --START--
INFO: Run Behavior\ReadHtmlCacheBehavior [ RunTime:0.001000s ]
INFO: [ app_begin ] --END-- [ RunTime:0.001000s ]
NOTIC: [2048] Declaration of Home\Controller\IndexController::show() should be compatible with that of Think\Controller::show() D:\AppServ\vhost\bm\Application\Home\Controller\IndexController.class.php 第 4 行.
SQL: SHOW COLUMNS FROM `ebm_project` [ RunTime:0.0060s ]
SQL: SELECT `model` FROM `ebm_project` WHERE `id` = 1 LIMIT 1   [ RunTime:0.0010s ]
SQL: SHOW COLUMNS FROM `ebm_fields` [ RunTime:0.0060s ]
SQL: SELECT * FROM `ebm_fields` WHERE `mid` = 4 AND `state` = 1  [ RunTime:0.0010s ]
INFO: [ view_parse ] --START--
INFO: [ template_filter ] --START--
INFO: Run Behavior\ContentReplaceBehavior [ RunTime:0.000000s ]
INFO: [ template_filter ] --END-- [ RunTime:0.000000s ]
INFO: Run Behavior\ParseTemplateBehavior [ RunTime:0.009000s ]
INFO: [ view_parse ] --END-- [ RunTime:0.009000s ]
INFO: [ view_filter ] --START--
INFO: Run Behavior\WriteHtmlCacheBehavior [ RunTime:0.001001s ]
INFO: [ view_filter ] --END-- [ RunTime:0.001001s ]

[ 2015-05-27T15:50:29+08:00 ] 127.0.0.1 /Home/index/infosub.html
INFO: [ app_init ] --START--
INFO: Run Behavior\BuildLiteBehavior [ RunTime:0.000000s ]
INFO: [ app_init ] --END-- [ RunTime:0.001000s ]
INFO: [ app_begin ] --START--
INFO: Run Behavior\ReadHtmlCacheBehavior [ RunTime:0.001000s ]
INFO: [ app_begin ] --END-- [ RunTime:0.001000s ]
NOTIC: [2048] Declaration of Home\Controller\IndexController::show() should be compatible with that of Think\Controller::show() D:\AppServ\vhost\bm\Application\Home\Controller\IndexController.class.php 第 4 行.
SQL: SHOW COLUMNS FROM `ebm_project` [ RunTime:0.0060s ]
SQL: SELECT `model` FROM `ebm_project` WHERE `id` = 1 LIMIT 1   [ RunTime:0.0010s ]
SQL: SHOW COLUMNS FROM `ebm_fields` [ RunTime:0.0080s ]
SQL: SELECT * FROM `ebm_fields` WHERE `mid` = 4 AND `state` = 1  [ RunTime:0.0000s ]
INFO: [ view_parse ] --START--
INFO: [ template_filter ] --START--
INFO: Run Behavior\ContentReplaceBehavior [ RunTime:0.000000s ]
INFO: [ template_filter ] --END-- [ RunTime:0.000000s ]
INFO: Run Behavior\ParseTemplateBehavior [ RunTime:0.008000s ]
INFO: [ view_parse ] --END-- [ RunTime:0.008000s ]
INFO: [ view_filter ] --START--
INFO: Run Behavior\WriteHtmlCacheBehavior [ RunTime:0.001000s ]
INFO: [ view_filter ] --END-- [ RunTime:0.001000s ]

[ 2015-05-27T15:50:39+08:00 ] 127.0.0.1 /Home/index/infosub.html
INFO: [ app_init ] --START--
INFO: Run Behavior\BuildLiteBehavior [ RunTime:0.000000s ]
INFO: [ app_init ] --END-- [ RunTime:0.001000s ]
INFO: [ app_begin ] --START--
INFO: Run Behavior\ReadHtmlCacheBehavior [ RunTime:0.001000s ]
INFO: [ app_begin ] --END-- [ RunTime:0.001000s ]
NOTIC: [2048] Declaration of Home\Controller\IndexController::show() should be compatible with that of Think\Controller::show() D:\AppServ\vhost\bm\Application\Home\Controller\IndexController.class.php 第 4 行.
SQL: SHOW COLUMNS FROM `ebm_project` [ RunTime:0.0060s ]
SQL: SELECT `model` FROM `ebm_project` WHERE `id` = 1 LIMIT 1   [ RunTime:0.0010s ]
SQL: SHOW COLUMNS FROM `ebm_fields` [ RunTime:0.0070s ]
SQL: SELECT * FROM `ebm_fields` WHERE `mid` = 4 AND `state` = 1  [ RunTime:0.0010s ]
INFO: [ view_parse ] --START--
INFO: [ template_filter ] --START--
INFO: Run Behavior\ContentReplaceBehavior [ RunTime:0.000000s ]
INFO: [ template_filter ] --END-- [ RunTime:0.000000s ]
INFO: Run Behavior\ParseTemplateBehavior [ RunTime:0.009000s ]
INFO: [ view_parse ] --END-- [ RunTime:0.010000s ]
INFO: [ view_filter ] --START--
INFO: Run Behavior\WriteHtmlCacheBehavior [ RunTime:0.000000s ]
INFO: [ view_filter ] --END-- [ RunTime:0.001000s ]

[ 2015-05-27T15:50:45+08:00 ] 127.0.0.1 /Home/index/infosub.html
INFO: [ app_init ] --START--
INFO: Run Behavior\BuildLiteBehavior [ RunTime:0.000000s ]
INFO: [ app_init ] --END-- [ RunTime:0.000000s ]
INFO: [ app_begin ] --START--
INFO: Run Behavior\ReadHtmlCacheBehavior [ RunTime:0.001000s ]
INFO: [ app_begin ] --END-- [ RunTime:0.001000s ]
NOTIC: [2048] Declaration of Home\Controller\IndexController::show() should be compatible with that of Think\Controller::show() D:\AppServ\vhost\bm\Application\Home\Controller\IndexController.class.php 第 4 行.
SQL: SHOW COLUMNS FROM `ebm_project` [ RunTime:0.0050s ]
SQL: SELECT `model` FROM `ebm_project` WHERE `id` = 1 LIMIT 1   [ RunTime:0.0010s ]
SQL: SHOW COLUMNS FROM `ebm_fields` [ RunTime:0.0060s ]
SQL: SELECT * FROM `ebm_fields` WHERE `mid` = 4 AND `state` = 1  [ RunTime:0.0000s ]
NOTIC: [2] call_user_func() expects parameter 1 to be a valid callback, no array or string given D:\AppServ\vhost\bm\ThinkPHP\Library\Think\Upload.class.php 第 170 行.

[ 2015-05-27T15:51:18+08:00 ] 127.0.0.1 /Home/index/infosub.html
INFO: [ app_init ] --START--
INFO: Run Behavior\BuildLiteBehavior [ RunTime:0.000000s ]
INFO: [ app_init ] --END-- [ RunTime:0.000000s ]
INFO: [ app_begin ] --START--
INFO: Run Behavior\ReadHtmlCacheBehavior [ RunTime:0.001000s ]
INFO: [ app_begin ] --END-- [ RunTime:0.001000s ]
NOTIC: [2048] Declaration of Home\Controller\IndexController::show() should be compatible with that of Think\Controller::show() D:\AppServ\vhost\bm\Application\Home\Controller\IndexController.class.php 第 4 行.
SQL: SHOW COLUMNS FROM `ebm_project` [ RunTime:0.0120s ]
SQL: SELECT `model` FROM `ebm_project` WHERE `id` = 1 LIMIT 1   [ RunTime:0.0010s ]
SQL: SHOW COLUMNS FROM `ebm_fields` [ RunTime:0.0090s ]
SQL: SELECT * FROM `ebm_fields` WHERE `mid` = 4 AND `state` = 1  [ RunTime:0.0010s ]
NOTIC: [2] call_user_func() expects parameter 1 to be a valid callback, no array or string given D:\AppServ\vhost\bm\ThinkPHP\Library\Think\Upload.class.php 第 170 行.
SQL: SHOW COLUMNS FROM `ebm_model` [ RunTime:0.0120s ]
SQL: SELECT `cname` FROM `ebm_model` WHERE `mid` = 4 LIMIT 1   [ RunTime:0.0000s ]
SQL: SHOW COLUMNS FROM `ebm_etuan` [ RunTime:0.0110s ]
SQL: INSERT INTO `ebm_etuan` (`qq`,`glink`,`tel`,`storetype`,`sex`,`usertypes`,`etime`,`attachment`,`ctime`) VALUES ('1113484046','aaaa','15152116961','天猫','女','政府单位-企业单位-个体单位','1432742400','./Public/Uploads/infosubmit/20150527/5565777672998.png','1432713078') [ RunTime:0.0010s ]
SQL: UPDATE `ebm_etuan` SET `intro`='<p>aaaa</p>' WHERE ( id=8 ) [ RunTime:0.0010s ]
SQL: UPDATE `ebm_project` SET `records`=records+1 WHERE `id` = 1 [ RunTime:0.0000s ]
INFO: [ view_parse ] --START--
INFO: [ template_filter ] --START--
INFO: Run Behavior\ContentReplaceBehavior [ RunTime:0.000000s ]
INFO: [ template_filter ] --END-- [ RunTime:0.000000s ]
INFO: Run Behavior\ParseTemplateBehavior [ RunTime:0.008001s ]
INFO: [ view_parse ] --END-- [ RunTime:0.009001s ]
INFO: [ view_filter ] --START--
INFO: Run Behavior\WriteHtmlCacheBehavior [ RunTime:0.001000s ]
INFO: [ view_filter ] --END-- [ RunTime:0.001000s ]
INFO: [ app_end ] --START--
INFO: Run Behavior\ShowPageTraceBehavior [ RunTime:0.001000s ]
INFO: [ app_end ] --END-- [ RunTime:0.001000s ]

[ 2015-05-27T15:53:06+08:00 ] 127.0.0.1 /
INFO: [ app_init ] --START--
INFO: Run Behavior\BuildLiteBehavior [ RunTime:0.000000s ]
INFO: [ app_init ] --END-- [ RunTime:0.000000s ]
INFO: [ app_begin ] --START--
INFO: Run Behavior\ReadHtmlCacheBehavior [ RunTime:0.001000s ]
INFO: [ app_begin ] --END-- [ RunTime:0.001000s ]
NOTIC: [2048] Declaration of Home\Controller\IndexController::show() should be compatible with that of Think\Controller::show() D:\AppServ\vhost\bm\Application\Home\Controller\IndexController.class.php 第 4 行.
SQL: SHOW COLUMNS FROM `ebm_project` [ RunTime:0.0060s ]
SQL: SELECT * FROM `ebm_project` ORDER BY listorder DESC,id DESC  [ RunTime:0.0000s ]
INFO: [ view_parse ] --START--
INFO: [ template_filter ] --START--
INFO: Run Behavior\ContentReplaceBehavior [ RunTime:0.000000s ]
INFO: [ template_filter ] --END-- [ RunTime:0.000000s ]
INFO: Run Behavior\ParseTemplateBehavior [ RunTime:0.010001s ]
INFO: [ view_parse ] --END-- [ RunTime:0.011001s ]
INFO: [ view_filter ] --START--
INFO: Run Behavior\WriteHtmlCacheBehavior [ RunTime:0.000000s ]
INFO: [ view_filter ] --END-- [ RunTime:0.000000s ]
INFO: [ app_end ] --START--
INFO: Run Behavior\ShowPageTraceBehavior [ RunTime:0.002000s ]
INFO: [ app_end ] --END-- [ RunTime:0.002000s ]

[ 2015-05-27T15:53:07+08:00 ] 127.0.0.1 /Home/index/show/cname/alp1.html
INFO: [ app_init ] --START--
INFO: Run Behavior\BuildLiteBehavior [ RunTime:0.001000s ]
INFO: [ app_init ] --END-- [ RunTime:0.001000s ]
INFO: [ app_begin ] --START--
INFO: Run Behavior\ReadHtmlCacheBehavior [ RunTime:0.001000s ]
INFO: [ app_begin ] --END-- [ RunTime:0.001000s ]
NOTIC: [2048] Declaration of Home\Controller\IndexController::show() should be compatible with that of Think\Controller::show() D:\AppServ\vhost\bm\Application\Home\Controller\IndexController.class.php 第 4 行.
SQL: SHOW COLUMNS FROM `ebm_project` [ RunTime:0.0070s ]
SQL: SELECT * FROM `ebm_project` WHERE `cname` = 'alp1' LIMIT 1   [ RunTime:0.0010s ]
SQL: SHOW COLUMNS FROM `ebm_fields` [ RunTime:0.0110s ]
SQL: SELECT * FROM `ebm_fields` WHERE `mid` = 6 AND `state` = 1 ORDER BY listorder DESC,id ASC  [ RunTime:0.0010s ]
SQL: SELECT * FROM `ebm_fields` WHERE `mid` = 6 AND `state` = 1 AND `type` = 6  [ RunTime:0.0010s ]
SQL: SELECT * FROM `ebm_fields` WHERE `mid` = 6 AND `state` = 1 AND `type` = 8  [ RunTime:0.0000s ]
INFO: [ view_parse ] --START--
INFO: [ template_filter ] --START--
INFO: Run Behavior\ContentReplaceBehavior [ RunTime:0.001000s ]
INFO: [ template_filter ] --END-- [ RunTime:0.001000s ]
INFO: Run Behavior\ParseTemplateBehavior [ RunTime:0.017001s ]
INFO: [ view_parse ] --END-- [ RunTime:0.018001s ]
INFO: [ view_filter ] --START--
INFO: Run Behavior\WriteHtmlCacheBehavior [ RunTime:0.000000s ]
INFO: [ view_filter ] --END-- [ RunTime:0.000000s ]
INFO: [ app_end ] --START--
INFO: Run Behavior\ShowPageTraceBehavior [ RunTime:0.000000s ]
INFO: [ app_end ] --END-- [ RunTime:0.000000s ]

[ 2015-05-27T15:53:12+08:00 ] 127.0.0.1 /Home/index/infosub.html
INFO: [ app_init ] --START--
INFO: Run Behavior\BuildLiteBehavior [ RunTime:0.000000s ]
INFO: [ app_init ] --END-- [ RunTime:0.001000s ]
INFO: [ app_begin ] --START--
INFO: Run Behavior\ReadHtmlCacheBehavior [ RunTime:0.001000s ]
INFO: [ app_begin ] --END-- [ RunTime:0.001000s ]
NOTIC: [2048] Declaration of Home\Controller\IndexController::show() should be compatible with that of Think\Controller::show() D:\AppServ\vhost\bm\Application\Home\Controller\IndexController.class.php 第 4 行.
SQL: SHOW COLUMNS FROM `ebm_project` [ RunTime:0.0070s ]
SQL: SELECT `model` FROM `ebm_project` WHERE `id` = 3 LIMIT 1   [ RunTime:0.0020s ]
SQL: SHOW COLUMNS FROM `ebm_fields` [ RunTime:0.0060s ]
SQL: SELECT * FROM `ebm_fields` WHERE `mid` = 6 AND `state` = 1  [ RunTime:0.0000s ]
SQL: SHOW COLUMNS FROM `ebm_model` [ RunTime:0.0070s ]
SQL: SELECT `cname` FROM `ebm_model` WHERE `mid` = 6 LIMIT 1   [ RunTime:0.0000s ]
SQL: SHOW COLUMNS FROM `ebm_alp1` [ RunTime:0.0070s ]
SQL: INSERT INTO `ebm_alp1` (`proid`,`tel`,`qq`,`ctime`) VALUES ('3','18766034151','1113484046','1432713191') [ RunTime:0.0010s ]
NOTIC: [8] Undefined variable: textarr D:\AppServ\vhost\bm\Application\Home\Controller\IndexController.class.php 第 81 行.
SQL: UPDATE `ebm_project` SET `records`=records+1 WHERE `id` = 3 [ RunTime:0.0000s ]
INFO: [ view_parse ] --START--
INFO: [ template_filter ] --START--
INFO: Run Behavior\ContentReplaceBehavior [ RunTime:0.001000s ]
INFO: [ template_filter ] --END-- [ RunTime:0.001000s ]
INFO: Run Behavior\ParseTemplateBehavior [ RunTime:0.008001s ]
INFO: [ view_parse ] --END-- [ RunTime:0.009001s ]
INFO: [ view_filter ] --START--
INFO: Run Behavior\WriteHtmlCacheBehavior [ RunTime:0.001000s ]
INFO: [ view_filter ] --END-- [ RunTime:0.001000s ]
INFO: [ app_end ] --START--
INFO: Run Behavior\ShowPageTraceBehavior [ RunTime:0.001000s ]
INFO: [ app_end ] --END-- [ RunTime:0.001000s ]

[ 2015-05-27T15:53:13+08:00 ] 127.0.0.1 /Home/index/show/cname/alp1.html
INFO: [ app_init ] --START--
INFO: Run Behavior\BuildLiteBehavior [ RunTime:0.000000s ]
INFO: [ app_init ] --END-- [ RunTime:0.001000s ]
INFO: [ app_begin ] --START--
INFO: Run Behavior\ReadHtmlCacheBehavior [ RunTime:0.001000s ]
INFO: [ app_begin ] --END-- [ RunTime:0.001000s ]
NOTIC: [2048] Declaration of Home\Controller\IndexController::show() should be compatible with that of Think\Controller::show() D:\AppServ\vhost\bm\Application\Home\Controller\IndexController.class.php 第 4 行.
SQL: SHOW COLUMNS FROM `ebm_project` [ RunTime:0.0070s ]
SQL: SELECT * FROM `ebm_project` WHERE `cname` = 'alp1' LIMIT 1   [ RunTime:0.0000s ]
SQL: SHOW COLUMNS FROM `ebm_fields` [ RunTime:0.0050s ]
SQL: SELECT * FROM `ebm_fields` WHERE `mid` = 6 AND `state` = 1 ORDER BY listorder DESC,id ASC  [ RunTime:0.0010s ]
SQL: SELECT * FROM `ebm_fields` WHERE `mid` = 6 AND `state` = 1 AND `type` = 6  [ RunTime:0.0010s ]
SQL: SELECT * FROM `ebm_fields` WHERE `mid` = 6 AND `state` = 1 AND `type` = 8  [ RunTime:0.0010s ]
INFO: [ view_parse ] --START--
INFO: [ template_filter ] --START--
INFO: Run Behavior\ContentReplaceBehavior [ RunTime:0.001000s ]
INFO: [ template_filter ] --END-- [ RunTime:0.001000s ]
INFO: Run Behavior\ParseTemplateBehavior [ RunTime:0.017001s ]
INFO: [ view_parse ] --END-- [ RunTime:0.017001s ]
INFO: [ view_filter ] --START--
INFO: Run Behavior\WriteHtmlCacheBehavior [ RunTime:0.001000s ]
INFO: [ view_filter ] --END-- [ RunTime:0.001000s ]
INFO: [ app_end ] --START--
INFO: Run Behavior\ShowPageTraceBehavior [ RunTime:0.001000s ]
INFO: [ app_end ] --END-- [ RunTime:0.001000s ]

[ 2015-05-27T15:53:25+08:00 ] 127.0.0.1 /Home/index/show/cname/etuan5.html
INFO: [ app_init ] --START--
INFO: Run Behavior\BuildLiteBehavior [ RunTime:0.000000s ]
INFO: [ app_init ] --END-- [ RunTime:0.000000s ]
INFO: [ app_begin ] --START--
INFO: Run Behavior\ReadHtmlCacheBehavior [ RunTime:0.001000s ]
INFO: [ app_begin ] --END-- [ RunTime:0.001000s ]
NOTIC: [2048] Declaration of Home\Controller\IndexController::show() should be compatible with that of Think\Controller::show() D:\AppServ\vhost\bm\Application\Home\Controller\IndexController.class.php 第 4 行.
SQL: SHOW COLUMNS FROM `ebm_project` [ RunTime:0.0090s ]
SQL: SELECT * FROM `ebm_project` WHERE `cname` = 'etuan5' LIMIT 1   [ RunTime:0.0010s ]
SQL: SHOW COLUMNS FROM `ebm_fields` [ RunTime:0.0070s ]
SQL: SELECT * FROM `ebm_fields` WHERE `mid` = 4 AND `state` = 1 ORDER BY listorder DESC,id ASC  [ RunTime:0.0000s ]
SQL: SELECT * FROM `ebm_fields` WHERE `mid` = 4 AND `state` = 1 AND `type` = 6  [ RunTime:0.0000s ]
SQL: SELECT * FROM `ebm_fields` WHERE `mid` = 4 AND `state` = 1 AND `type` = 8  [ RunTime:0.0000s ]
INFO: [ view_parse ] --START--
INFO: [ template_filter ] --START--
INFO: Run Behavior\ContentReplaceBehavior [ RunTime:0.000000s ]
INFO: [ template_filter ] --END-- [ RunTime:0.000000s ]
INFO: Run Behavior\ParseTemplateBehavior [ RunTime:0.024001s ]
INFO: [ view_parse ] --END-- [ RunTime:0.024001s ]
INFO: [ view_filter ] --START--
INFO: Run Behavior\WriteHtmlCacheBehavior [ RunTime:0.000000s ]
INFO: [ view_filter ] --END-- [ RunTime:0.000000s ]
INFO: [ app_end ] --START--
INFO: Run Behavior\ShowPageTraceBehavior [ RunTime:0.001000s ]
INFO: [ app_end ] --END-- [ RunTime:0.001000s ]

[ 2015-05-27T15:55:11+08:00 ] 127.0.0.1 /Home/index/infosub.html
INFO: [ app_init ] --START--
INFO: Run Behavior\BuildLiteBehavior [ RunTime:0.000000s ]
INFO: [ app_init ] --END-- [ RunTime:0.001000s ]
INFO: [ app_begin ] --START--
INFO: Run Behavior\ReadHtmlCacheBehavior [ RunTime:0.001000s ]
INFO: [ app_begin ] --END-- [ RunTime:0.001000s ]
NOTIC: [2048] Declaration of Home\Controller\IndexController::show() should be compatible with that of Think\Controller::show() D:\AppServ\vhost\bm\Application\Home\Controller\IndexController.class.php 第 4 行.
SQL: SHOW COLUMNS FROM `ebm_project` [ RunTime:0.0070s ]
SQL: SELECT `model` FROM `ebm_project` WHERE `id` = 1 LIMIT 1   [ RunTime:0.0010s ]
SQL: SHOW COLUMNS FROM `ebm_fields` [ RunTime:0.0070s ]
SQL: SELECT * FROM `ebm_fields` WHERE `mid` = 4 AND `state` = 1  [ RunTime:0.0000s ]
NOTIC: [2] call_user_func() expects parameter 1 to be a valid callback, no array or string given D:\AppServ\vhost\bm\ThinkPHP\Library\Think\Upload.class.php 第 170 行.
SQL: SHOW COLUMNS FROM `ebm_model` [ RunTime:0.0070s ]
SQL: SELECT `cname` FROM `ebm_model` WHERE `mid` = 4 LIMIT 1   [ RunTime:0.0000s ]
SQL: SHOW COLUMNS FROM `ebm_etuan` [ RunTime:0.0080s ]
SQL: INSERT INTO `ebm_etuan` (`qq`,`glink`,`tel`,`storetype`,`sex`,`usertypes`,`etime`,`attachment`,`ctime`) VALUES ('01010101','10101010','15888888888','天猫','保密','政府单位-个体单位','1433520000','./Public/Uploads/infosubmit/20150527/5565785f73afa.jpg','1432713311') [ RunTime:0.0010s ]
SQL: UPDATE `ebm_etuan` SET `intro`='<h1 label=\"标题居中\" style=\"font-size: 32px; font-weight: bold; border-bottom-color: rgb(204, 204, 204); border-bottom-width: 2px; border-bottom-style: solid; padding: 0px 4px 0px 0px; text-align: center; margin: 0px 0px 20px;\">自我介绍</h1><p>哈哈，你好啊：</p><p>&nbsp;这是测试的，哈哈哈</p><p><span style=\"color: rgb(255, 0, 0);\"><strong><em>哈哈</em></strong></span></p><p>敬礼</p><p style=\"text-align: right;\"><span style=\"color: rgb(0, 0, 0);\">2015.05.28</span></p>' WHERE ( id=9 ) [ RunTime:0.0010s ]
SQL: UPDATE `ebm_project` SET `records`=records+1 WHERE `id` = 1 [ RunTime:0.0000s ]
INFO: [ view_parse ] --START--
INFO: [ template_filter ] --START--
INFO: Run Behavior\ContentReplaceBehavior [ RunTime:0.000000s ]
INFO: [ template_filter ] --END-- [ RunTime:0.000000s ]
INFO: Run Behavior\ParseTemplateBehavior [ RunTime:0.007001s ]
INFO: [ view_parse ] --END-- [ RunTime:0.007001s ]
INFO: [ view_filter ] --START--
INFO: Run Behavior\WriteHtmlCacheBehavior [ RunTime:0.000000s ]
INFO: [ view_filter ] --END-- [ RunTime:0.000000s ]
INFO: [ app_end ] --START--
INFO: Run Behavior\ShowPageTraceBehavior [ RunTime:0.001000s ]
INFO: [ app_end ] --END-- [ RunTime:0.001000s ]

[ 2015-05-27T15:55:12+08:00 ] 127.0.0.1 /Home/index/show/cname/etuan5.html
INFO: [ app_init ] --START--
INFO: Run Behavior\BuildLiteBehavior [ RunTime:0.000000s ]
INFO: [ app_init ] --END-- [ RunTime:0.001000s ]
INFO: [ app_begin ] --START--
INFO: Run Behavior\ReadHtmlCacheBehavior [ RunTime:0.000000s ]
INFO: [ app_begin ] --END-- [ RunTime:0.001000s ]
NOTIC: [2048] Declaration of Home\Controller\IndexController::show() should be compatible with that of Think\Controller::show() D:\AppServ\vhost\bm\Application\Home\Controller\IndexController.class.php 第 4 行.
SQL: SHOW COLUMNS FROM `ebm_project` [ RunTime:0.0070s ]
SQL: SELECT * FROM `ebm_project` WHERE `cname` = 'etuan5' LIMIT 1   [ RunTime:0.0010s ]
SQL: SHOW COLUMNS FROM `ebm_fields` [ RunTime:0.0050s ]
SQL: SELECT * FROM `ebm_fields` WHERE `mid` = 4 AND `state` = 1 ORDER BY listorder DESC,id ASC  [ RunTime:0.0000s ]
SQL: SELECT * FROM `ebm_fields` WHERE `mid` = 4 AND `state` = 1 AND `type` = 6  [ RunTime:0.0000s ]
SQL: SELECT * FROM `ebm_fields` WHERE `mid` = 4 AND `state` = 1 AND `type` = 8  [ RunTime:0.0000s ]
INFO: [ view_parse ] --START--
INFO: [ template_filter ] --START--
INFO: Run Behavior\ContentReplaceBehavior [ RunTime:0.000000s ]
INFO: [ template_filter ] --END-- [ RunTime:0.000000s ]
INFO: Run Behavior\ParseTemplateBehavior [ RunTime:0.017001s ]
INFO: [ view_parse ] --END-- [ RunTime:0.017001s ]
INFO: [ view_filter ] --START--
INFO: Run Behavior\WriteHtmlCacheBehavior [ RunTime:0.000000s ]
INFO: [ view_filter ] --END-- [ RunTime:0.000000s ]
INFO: [ app_end ] --START--
INFO: Run Behavior\ShowPageTraceBehavior [ RunTime:0.001000s ]
INFO: [ app_end ] --END-- [ RunTime:0.001000s ]

[ 2015-05-27T17:29:47+08:00 ] 127.0.0.1 /
INFO: [ app_init ] --START--
INFO: Run Behavior\BuildLiteBehavior [ RunTime:0.000000s ]
INFO: [ app_init ] --END-- [ RunTime:0.015600s ]
INFO: [ app_begin ] --START--
INFO: Run Behavior\ReadHtmlCacheBehavior [ RunTime:0.000000s ]
INFO: [ app_begin ] --END-- [ RunTime:0.000000s ]
NOTIC: [2048] Declaration of Home\Controller\IndexController::show() should be compatible with that of Think\Controller::show() D:\AppServ\vhost\bm\Application\Home\Controller\IndexController.class.php 第 4 行.
INFO: [ view_parse ] --START--
INFO: [ template_filter ] --START--
INFO: Run Behavior\ContentReplaceBehavior [ RunTime:0.000000s ]
INFO: [ template_filter ] --END-- [ RunTime:0.000000s ]
INFO: Run Behavior\ParseTemplateBehavior [ RunTime:0.027601s ]
INFO: [ view_parse ] --END-- [ RunTime:0.028601s ]
INFO: [ view_filter ] --START--
INFO: Run Behavior\WriteHtmlCacheBehavior [ RunTime:0.000000s ]
INFO: [ view_filter ] --END-- [ RunTime:0.000000s ]

[ 2015-05-27T17:29:50+08:00 ] 127.0.0.1 /Home/member/login.html
INFO: [ app_init ] --START--
INFO: Run Behavior\BuildLiteBehavior [ RunTime:0.000000s ]
INFO: [ app_init ] --END-- [ RunTime:0.000000s ]
INFO: [ app_begin ] --START--
INFO: Run Behavior\ReadHtmlCacheBehavior [ RunTime:0.002000s ]
INFO: [ app_begin ] --END-- [ RunTime:0.002000s ]
ERR: 无法加载控制器:Member

[ 2015-05-27T17:41:27+08:00 ] 127.0.0.1 /Home/member/login.html
INFO: [ app_init ] --START--
INFO: Run Behavior\BuildLiteBehavior [ RunTime:0.000000s ]
INFO: [ app_init ] --END-- [ RunTime:0.001000s ]
INFO: [ app_begin ] --START--
INFO: Run Behavior\ReadHtmlCacheBehavior [ RunTime:0.001001s ]
INFO: [ app_begin ] --END-- [ RunTime:0.001001s ]
ERR: 无法加载控制器:Member

