[ 2015-05-29T08:54:06+08:00 ] 127.0.0.1 /
INFO: [ app_init ] --START--
INFO: Run Behavior\BuildLiteBehavior [ RunTime:0.000000s ]
INFO: [ app_init ] --END-- [ RunTime:0.000000s ]
INFO: [ app_begin ] --START--
INFO: Run Behavior\ReadHtmlCacheBehavior [ RunTime:0.001000s ]
INFO: [ app_begin ] --END-- [ RunTime:0.001000s ]
NOTIC: [2048] Declaration of Home\Controller\IndexController::show() should be compatible with that of Think\Controller::show() D:\AppServ\vhost\bm\Application\Home\Controller\IndexController.class.php 第 4 行.
NOTIC: [8] Use of undefined constant SITE_URL - assumed 'SITE_URL' D:\AppServ\vhost\bm\Application\Common\Common\function.php 第 7 行.
SQL: SHOW COLUMNS FROM `ebm_project` [ RunTime:0.0220s ]
SQL: SELECT * FROM `ebm_project` ORDER BY listorder DESC,id DESC  [ RunTime:0.0010s ]
INFO: [ view_parse ] --START--
INFO: [ template_filter ] --START--
INFO: Run Behavior\ContentReplaceBehavior [ RunTime:0.000000s ]
INFO: [ template_filter ] --END-- [ RunTime:0.000000s ]
INFO: Run Behavior\ParseTemplateBehavior [ RunTime:0.009001s ]
INFO: [ view_parse ] --END-- [ RunTime:0.009001s ]
INFO: [ view_filter ] --START--
INFO: Run Behavior\WriteHtmlCacheBehavior [ RunTime:0.001000s ]
INFO: [ view_filter ] --END-- [ RunTime:0.001000s ]
INFO: [ app_end ] --START--
INFO: Run Behavior\ShowPageTraceBehavior [ RunTime:0.000000s ]
INFO: [ app_end ] --END-- [ RunTime:0.000000s ]

[ 2015-05-29T09:01:54+08:00 ] 127.0.0.1 /
INFO: [ app_init ] --START--
INFO: Run Behavior\BuildLiteBehavior [ RunTime:0.000000s ]
INFO: [ app_init ] --END-- [ RunTime:0.000000s ]
INFO: [ app_begin ] --START--
INFO: Run Behavior\ReadHtmlCacheBehavior [ RunTime:0.001000s ]
INFO: [ app_begin ] --END-- [ RunTime:0.001000s ]
NOTIC: [2048] Declaration of Home\Controller\IndexController::show() should be compatible with that of Think\Controller::show() D:\AppServ\vhost\bm\Application\Home\Controller\IndexController.class.php 第 4 行.
NOTIC: [8] Use of undefined constant SITE_URL - assumed 'SITE_URL' D:\AppServ\vhost\bm\Application\Common\Common\function.php 第 7 行.
SQL: SHOW COLUMNS FROM `ebm_project` [ RunTime:0.0030s ]
SQL: SELECT * FROM `ebm_project` ORDER BY listorder DESC,id DESC  [ RunTime:0.0000s ]
INFO: [ view_parse ] --START--
INFO: [ template_filter ] --START--
INFO: Run Behavior\ContentReplaceBehavior [ RunTime:0.000000s ]
INFO: [ template_filter ] --END-- [ RunTime:0.000000s ]
INFO: Run Behavior\ParseTemplateBehavior [ RunTime:0.009001s ]
INFO: [ view_parse ] --END-- [ RunTime:0.009001s ]
INFO: [ view_filter ] --START--
INFO: Run Behavior\WriteHtmlCacheBehavior [ RunTime:0.001000s ]
INFO: [ view_filter ] --END-- [ RunTime:0.001000s ]
INFO: [ app_end ] --START--
INFO: Run Behavior\ShowPageTraceBehavior [ RunTime:0.001000s ]
INFO: [ app_end ] --END-- [ RunTime:0.001000s ]

[ 2015-05-29T09:02:09+08:00 ] 127.0.0.1 /Home/index/show/cname/etuan5.html
INFO: [ app_init ] --START--
INFO: Run Behavior\BuildLiteBehavior [ RunTime:0.000000s ]
INFO: [ app_init ] --END-- [ RunTime:0.000000s ]
INFO: [ app_begin ] --START--
INFO: Run Behavior\ReadHtmlCacheBehavior [ RunTime:0.000000s ]
INFO: [ app_begin ] --END-- [ RunTime:0.000000s ]
NOTIC: [2048] Declaration of Home\Controller\IndexController::show() should be compatible with that of Think\Controller::show() D:\AppServ\vhost\bm\Application\Home\Controller\IndexController.class.php 第 4 行.
NOTIC: [8] Use of undefined constant SITE_URL - assumed 'SITE_URL' D:\AppServ\vhost\bm\Application\Common\Common\function.php 第 7 行.
SQL: SHOW COLUMNS FROM `ebm_project` [ RunTime:0.0100s ]
SQL: SELECT * FROM `ebm_project` WHERE `cname` = 'etuan5' LIMIT 1   [ RunTime:0.0010s ]
SQL: SHOW COLUMNS FROM `ebm_fields` [ RunTime:0.0050s ]
SQL: SELECT * FROM `ebm_fields` WHERE `mid` = 4 AND `state` = 1 ORDER BY listorder DESC,id ASC  [ RunTime:0.0110s ]
SQL: SELECT * FROM `ebm_fields` WHERE `mid` = 4 AND `state` = 1 AND `type` = 6  [ RunTime:0.0020s ]
SQL: SELECT * FROM `ebm_fields` WHERE `mid` = 4 AND `state` = 1 AND `type` = 8  [ RunTime:0.0010s ]
INFO: [ view_parse ] --START--
INFO: [ template_filter ] --START--
INFO: Run Behavior\ContentReplaceBehavior [ RunTime:0.000000s ]
INFO: [ template_filter ] --END-- [ RunTime:0.002000s ]
INFO: Run Behavior\ParseTemplateBehavior [ RunTime:0.036002s ]
INFO: [ view_parse ] --END-- [ RunTime:0.036002s ]
INFO: [ view_filter ] --START--
INFO: Run Behavior\WriteHtmlCacheBehavior [ RunTime:0.001001s ]
INFO: [ view_filter ] --END-- [ RunTime:0.001001s ]
INFO: [ app_end ] --START--
INFO: Run Behavior\ShowPageTraceBehavior [ RunTime:0.001000s ]
INFO: [ app_end ] --END-- [ RunTime:0.001000s ]

[ 2015-05-29T09:56:48+08:00 ] 127.0.0.1 /
INFO: [ app_init ] --START--
INFO: Run Behavior\BuildLiteBehavior [ RunTime:0.000000s ]
INFO: [ app_init ] --END-- [ RunTime:0.000000s ]
INFO: [ app_begin ] --START--
INFO: Run Behavior\ReadHtmlCacheBehavior [ RunTime:0.001000s ]
INFO: [ app_begin ] --END-- [ RunTime:0.001000s ]
NOTIC: [2048] Declaration of Home\Controller\IndexController::show() should be compatible with that of Think\Controller::show() D:\AppServ\vhost\bm\Application\Home\Controller\IndexController.class.php 第 4 行.
NOTIC: [8] Use of undefined constant SITE_URL - assumed 'SITE_URL' D:\AppServ\vhost\bm\Application\Common\Common\function.php 第 7 行.
SQL: SHOW COLUMNS FROM `ebm_project` [ RunTime:0.0050s ]
SQL: SELECT * FROM `ebm_project` ORDER BY listorder DESC,id DESC  [ RunTime:0.0030s ]
INFO: [ view_parse ] --START--
INFO: [ template_filter ] --START--
INFO: Run Behavior\ContentReplaceBehavior [ RunTime:0.000000s ]
INFO: [ template_filter ] --END-- [ RunTime:0.000000s ]
INFO: Run Behavior\ParseTemplateBehavior [ RunTime:0.014001s ]
INFO: [ view_parse ] --END-- [ RunTime:0.014001s ]
INFO: [ view_filter ] --START--
INFO: Run Behavior\WriteHtmlCacheBehavior [ RunTime:0.001000s ]
INFO: [ view_filter ] --END-- [ RunTime:0.001000s ]
INFO: [ app_end ] --START--
INFO: Run Behavior\ShowPageTraceBehavior [ RunTime:0.001000s ]
INFO: [ app_end ] --END-- [ RunTime:0.001000s ]

