[ 2015-05-25T09:16:24+08:00 ] 127.0.0.1 /favicon.ico
INFO: [ app_init ] --START--
INFO: Run Behavior\BuildLiteBehavior [ RunTime:0.000000s ]
INFO: [ app_init ] --END-- [ RunTime:0.001000s ]
ERR: 无法加载模块:Favicon

[ 2015-05-25T10:35:32+08:00 ] 127.0.0.1 /etuan5
INFO: [ app_init ] --START--
INFO: Run Behavior\BuildLiteBehavior [ RunTime:0.000000s ]
INFO: [ app_init ] --END-- [ RunTime:0.001000s ]
ERR: 无法加载模块:Etuan5

[ 2015-05-25T10:48:20+08:00 ] 127.0.0.1 /etuan5
INFO: [ app_init ] --START--
INFO: Run Behavior\BuildLiteBehavior [ RunTime:0.000000s ]
INFO: [ app_init ] --END-- [ RunTime:0.001000s ]
ERR: 无法加载模块:Etuan5

[ 2015-05-25T10:49:12+08:00 ] 127.0.0.1 /etuan5
INFO: [ app_init ] --START--
INFO: Run Behavior\BuildLiteBehavior [ RunTime:0.000000s ]
INFO: [ app_init ] --END-- [ RunTime:0.000000s ]
ERR: 无法加载模块:Etuan5

[ 2015-05-25T10:49:15+08:00 ] 127.0.0.1 /etuan5
INFO: [ app_init ] --START--
INFO: Run Behavior\BuildLiteBehavior [ RunTime:0.000000s ]
INFO: [ app_init ] --END-- [ RunTime:0.000000s ]
ERR: 无法加载模块:Etuan5

[ 2015-05-25T10:54:32+08:00 ] 127.0.0.1 /etuan5
INFO: [ app_init ] --START--
INFO: Run Behavior\BuildLiteBehavior [ RunTime:0.000000s ]
INFO: [ app_init ] --END-- [ RunTime:0.000000s ]
ERR: 无法加载模块:Etuan5

[ 2015-05-25T10:54:33+08:00 ] 127.0.0.1 /etuan5
INFO: [ app_init ] --START--
INFO: Run Behavior\BuildLiteBehavior [ RunTime:0.000000s ]
INFO: [ app_init ] --END-- [ RunTime:0.000000s ]
ERR: 无法加载模块:Etuan5

[ 2015-05-25T10:54:33+08:00 ] 127.0.0.1 /etuan5
INFO: [ app_init ] --START--
INFO: Run Behavior\BuildLiteBehavior [ RunTime:0.000000s ]
INFO: [ app_init ] --END-- [ RunTime:0.000000s ]
ERR: 无法加载模块:Etuan5

[ 2015-05-25T10:54:33+08:00 ] 127.0.0.1 /etuan5
INFO: [ app_init ] --START--
INFO: Run Behavior\BuildLiteBehavior [ RunTime:0.000000s ]
INFO: [ app_init ] --END-- [ RunTime:0.001000s ]
ERR: 无法加载模块:Etuan5

[ 2015-05-25T10:54:33+08:00 ] 127.0.0.1 /etuan5
INFO: [ app_init ] --START--
INFO: Run Behavior\BuildLiteBehavior [ RunTime:0.000000s ]
INFO: [ app_init ] --END-- [ RunTime:0.000000s ]
ERR: 无法加载模块:Etuan5

[ 2015-05-25T10:54:34+08:00 ] 127.0.0.1 /etuan5
INFO: [ app_init ] --START--
INFO: Run Behavior\BuildLiteBehavior [ RunTime:0.000000s ]
INFO: [ app_init ] --END-- [ RunTime:0.001000s ]
ERR: 无法加载模块:Etuan5

[ 2015-05-25T10:54:34+08:00 ] 127.0.0.1 /etuan5
INFO: [ app_init ] --START--
INFO: Run Behavior\BuildLiteBehavior [ RunTime:0.000000s ]
INFO: [ app_init ] --END-- [ RunTime:0.015600s ]
ERR: 无法加载模块:Etuan5

[ 2015-05-25T10:56:48+08:00 ] 127.0.0.1 /show/etuan5
INFO: [ app_init ] --START--
INFO: Run Behavior\BuildLiteBehavior [ RunTime:0.000000s ]
INFO: [ app_init ] --END-- [ RunTime:0.000000s ]
ERR: 无法加载模块:Show

[ 2015-05-25T10:57:14+08:00 ] 127.0.0.1 /show/etuan5
INFO: [ app_init ] --START--
INFO: Run Behavior\BuildLiteBehavior [ RunTime:0.000000s ]
INFO: [ app_init ] --END-- [ RunTime:0.001000s ]
ERR: 无法加载模块:Show

[ 2015-05-25T10:57:15+08:00 ] 127.0.0.1 /show/etuan5
INFO: [ app_init ] --START--
INFO: Run Behavior\BuildLiteBehavior [ RunTime:0.000000s ]
INFO: [ app_init ] --END-- [ RunTime:0.001000s ]
ERR: 无法加载模块:Show

[ 2015-05-25T10:57:15+08:00 ] 127.0.0.1 /show/etuan5
INFO: [ app_init ] --START--
INFO: Run Behavior\BuildLiteBehavior [ RunTime:0.000000s ]
INFO: [ app_init ] --END-- [ RunTime:0.001000s ]
ERR: 无法加载模块:Show

[ 2015-05-25T11:12:14+08:00 ] 127.0.0.1 /etuan5
INFO: [ app_init ] --START--
INFO: Run Behavior\BuildLiteBehavior [ RunTime:0.000000s ]
INFO: [ app_init ] --END-- [ RunTime:0.000000s ]
ERR: 无法加载模块:Etuan5

[ 2015-05-25T11:12:15+08:00 ] 127.0.0.1 /etuan5
INFO: [ app_init ] --START--
INFO: Run Behavior\BuildLiteBehavior [ RunTime:0.000000s ]
INFO: [ app_init ] --END-- [ RunTime:0.000000s ]
ERR: 无法加载模块:Etuan5

[ 2015-05-25T11:12:16+08:00 ] 127.0.0.1 /etuan5
INFO: [ app_init ] --START--
INFO: Run Behavior\BuildLiteBehavior [ RunTime:0.000000s ]
INFO: [ app_init ] --END-- [ RunTime:0.000000s ]
ERR: 无法加载模块:Etuan5

[ 2015-05-25T11:12:16+08:00 ] 127.0.0.1 /etuan5
INFO: [ app_init ] --START--
INFO: Run Behavior\BuildLiteBehavior [ RunTime:0.000000s ]
INFO: [ app_init ] --END-- [ RunTime:0.001000s ]
ERR: 无法加载模块:Etuan5

[ 2015-05-25T11:12:16+08:00 ] 127.0.0.1 /etuan5
INFO: [ app_init ] --START--
INFO: Run Behavior\BuildLiteBehavior [ RunTime:0.000000s ]
INFO: [ app_init ] --END-- [ RunTime:0.000000s ]
ERR: 无法加载模块:Etuan5

[ 2015-05-25T11:12:16+08:00 ] 127.0.0.1 /etuan5
INFO: [ app_init ] --START--
INFO: Run Behavior\BuildLiteBehavior [ RunTime:0.000000s ]
INFO: [ app_init ] --END-- [ RunTime:0.000000s ]
ERR: 无法加载模块:Etuan5

[ 2015-05-25T11:12:17+08:00 ] 127.0.0.1 /etuan5
INFO: [ app_init ] --START--
INFO: Run Behavior\BuildLiteBehavior [ RunTime:0.000000s ]
INFO: [ app_init ] --END-- [ RunTime:0.000000s ]
ERR: 无法加载模块:Etuan5

[ 2015-05-25T11:12:17+08:00 ] 127.0.0.1 /etuan5
INFO: [ app_init ] --START--
INFO: Run Behavior\BuildLiteBehavior [ RunTime:0.000000s ]
INFO: [ app_init ] --END-- [ RunTime:0.001000s ]
ERR: 无法加载模块:Etuan5

[ 2015-05-25T11:12:17+08:00 ] 127.0.0.1 /etuan5
INFO: [ app_init ] --START--
INFO: Run Behavior\BuildLiteBehavior [ RunTime:0.000000s ]
INFO: [ app_init ] --END-- [ RunTime:0.000000s ]
ERR: 无法加载模块:Etuan5

[ 2015-05-25T11:12:17+08:00 ] 127.0.0.1 /etuan5
INFO: [ app_init ] --START--
INFO: Run Behavior\BuildLiteBehavior [ RunTime:0.000000s ]
INFO: [ app_init ] --END-- [ RunTime:0.000000s ]
ERR: 无法加载模块:Etuan5

[ 2015-05-25T11:12:18+08:00 ] 127.0.0.1 /etuan5
INFO: [ app_init ] --START--
INFO: Run Behavior\BuildLiteBehavior [ RunTime:0.000000s ]
INFO: [ app_init ] --END-- [ RunTime:0.000000s ]
ERR: 无法加载模块:Etuan5

[ 2015-05-25T11:14:59+08:00 ] 127.0.0.1 /1
INFO: [ app_init ] --START--
INFO: Run Behavior\BuildLiteBehavior [ RunTime:0.000000s ]
INFO: [ app_init ] --END-- [ RunTime:0.000000s ]
ERR: 无法加载模块:1

[ 2015-05-25T11:15:01+08:00 ] 127.0.0.1 /1
INFO: [ app_init ] --START--
INFO: Run Behavior\BuildLiteBehavior [ RunTime:0.000000s ]
INFO: [ app_init ] --END-- [ RunTime:0.001000s ]
ERR: 无法加载模块:1

[ 2015-05-25T11:15:01+08:00 ] 127.0.0.1 /1
INFO: [ app_init ] --START--
INFO: Run Behavior\BuildLiteBehavior [ RunTime:0.000000s ]
INFO: [ app_init ] --END-- [ RunTime:0.000000s ]
ERR: 无法加载模块:1

[ 2015-05-25T11:15:01+08:00 ] 127.0.0.1 /1
INFO: [ app_init ] --START--
INFO: Run Behavior\BuildLiteBehavior [ RunTime:0.000000s ]
INFO: [ app_init ] --END-- [ RunTime:0.000000s ]
ERR: 无法加载模块:1

[ 2015-05-25T11:15:01+08:00 ] 127.0.0.1 /1
INFO: [ app_init ] --START--
INFO: Run Behavior\BuildLiteBehavior [ RunTime:0.000000s ]
INFO: [ app_init ] --END-- [ RunTime:0.000000s ]
ERR: 无法加载模块:1

[ 2015-05-25T11:15:02+08:00 ] 127.0.0.1 /1
INFO: [ app_init ] --START--
INFO: Run Behavior\BuildLiteBehavior [ RunTime:0.000000s ]
INFO: [ app_init ] --END-- [ RunTime:0.000000s ]
ERR: 无法加载模块:1

[ 2015-05-25T11:15:02+08:00 ] 127.0.0.1 /1
INFO: [ app_init ] --START--
INFO: Run Behavior\BuildLiteBehavior [ RunTime:0.000000s ]
INFO: [ app_init ] --END-- [ RunTime:0.001000s ]
ERR: 无法加载模块:1

[ 2015-05-25T11:16:34+08:00 ] 127.0.0.1 /1
INFO: [ app_init ] --START--
INFO: Run Behavior\BuildLiteBehavior [ RunTime:0.000000s ]
INFO: [ app_init ] --END-- [ RunTime:0.001000s ]
ERR: 无法加载模块:1

[ 2015-05-25T18:18:36+08:00 ] 127.0.0.1 /dt/css/bootstrap-datepicker3.standalone.min.css
INFO: [ app_init ] --START--
INFO: Run Behavior\BuildLiteBehavior [ RunTime:0.000000s ]
INFO: [ app_init ] --END-- [ RunTime:0.001000s ]
ERR: 无法加载模块:Dt

[ 2015-05-25T18:20:34+08:00 ] 127.0.0.1 /dt/locales/bootstrap-datepicker.zh-CN.min
INFO: [ app_init ] --START--
INFO: Run Behavior\BuildLiteBehavior [ RunTime:0.000000s ]
INFO: [ app_init ] --END-- [ RunTime:0.000000s ]
ERR: 无法加载模块:Dt

[ 2015-05-25T18:22:43+08:00 ] 127.0.0.1 /dt/locales/bootstrap-datepicker.zh-CN.min
INFO: [ app_init ] --START--
INFO: Run Behavior\BuildLiteBehavior [ RunTime:0.000000s ]
INFO: [ app_init ] --END-- [ RunTime:0.000000s ]
ERR: 无法加载模块:Dt

[ 2015-05-25T18:23:05+08:00 ] 127.0.0.1 /dt/locales/bootstrap-datepicker.zh-CN.min
INFO: [ app_init ] --START--
INFO: Run Behavior\BuildLiteBehavior [ RunTime:0.000000s ]
INFO: [ app_init ] --END-- [ RunTime:0.001001s ]
ERR: 无法加载模块:Dt

[ 2015-05-25T18:24:05+08:00 ] 127.0.0.1 /dt/locales/bootstrap-datepicker.zh-CN.min
INFO: [ app_init ] --START--
INFO: Run Behavior\BuildLiteBehavior [ RunTime:0.000000s ]
INFO: [ app_init ] --END-- [ RunTime:0.001000s ]
ERR: 无法加载模块:Dt

[ 2015-05-25T18:25:44+08:00 ] 127.0.0.1 /dt/locales/bootstrap-datepicker.zh-CN.min
INFO: [ app_init ] --START--
INFO: Run Behavior\BuildLiteBehavior [ RunTime:0.000000s ]
INFO: [ app_init ] --END-- [ RunTime:0.001000s ]
ERR: 无法加载模块:Dt

[ 2015-05-25T18:26:34+08:00 ] 127.0.0.1 /dt/locales/bootstrap-datepicker.zh-CN.min
INFO: [ app_init ] --START--
INFO: Run Behavior\BuildLiteBehavior [ RunTime:0.000000s ]
INFO: [ app_init ] --END-- [ RunTime:0.000000s ]
ERR: 无法加载模块:Dt

[ 2015-05-25T18:27:30+08:00 ] 127.0.0.1 /dt/locales/bootstrap-datepicker.zh-CN.min
INFO: [ app_init ] --START--
INFO: Run Behavior\BuildLiteBehavior [ RunTime:0.000000s ]
INFO: [ app_init ] --END-- [ RunTime:0.001001s ]
ERR: 无法加载模块:Dt

[ 2015-05-25T18:30:02+08:00 ] 127.0.0.1 /dt/locales/bootstrap-datepicker.zh-CN.min
INFO: [ app_init ] --START--
INFO: Run Behavior\BuildLiteBehavior [ RunTime:0.000000s ]
INFO: [ app_init ] --END-- [ RunTime:0.000000s ]
ERR: 无法加载模块:Dt

[ 2015-05-25T18:30:15+08:00 ] 127.0.0.1 /dt/locales/bootstrap-datepicker.zh-CN.min
INFO: [ app_init ] --START--
INFO: Run Behavior\BuildLiteBehavior [ RunTime:0.001000s ]
INFO: [ app_init ] --END-- [ RunTime:0.001000s ]
ERR: 无法加载模块:Dt

[ 2015-05-25T18:31:23+08:00 ] 127.0.0.1 /dt/locales/bootstrap-datepicker.zh-CN.min
INFO: [ app_init ] --START--
INFO: Run Behavior\BuildLiteBehavior [ RunTime:0.000000s ]
INFO: [ app_init ] --END-- [ RunTime:0.001000s ]
ERR: 无法加载模块:Dt

[ 2015-05-25T18:32:27+08:00 ] 127.0.0.1 /dt/locales/bootstrap-datepicker.zh-CN.min
INFO: [ app_init ] --START--
INFO: Run Behavior\BuildLiteBehavior [ RunTime:0.000000s ]
INFO: [ app_init ] --END-- [ RunTime:0.000000s ]
ERR: 无法加载模块:Dt

[ 2015-05-25T18:33:24+08:00 ] 127.0.0.1 /dt/locales/bootstrap-datepicker.zh-CN.min
INFO: [ app_init ] --START--
INFO: Run Behavior\BuildLiteBehavior [ RunTime:0.000000s ]
INFO: [ app_init ] --END-- [ RunTime:0.001000s ]
ERR: 无法加载模块:Dt

[ 2015-05-25T18:33:35+08:00 ] 127.0.0.1 /dt/locales/bootstrap-datepicker.zh-CN.min
INFO: [ app_init ] --START--
INFO: Run Behavior\BuildLiteBehavior [ RunTime:0.000000s ]
INFO: [ app_init ] --END-- [ RunTime:0.001000s ]
ERR: 无法加载模块:Dt

[ 2015-05-25T18:33:44+08:00 ] 127.0.0.1 /dt/locales/bootstrap-datepicker.zh-CN.min
INFO: [ app_init ] --START--
INFO: Run Behavior\BuildLiteBehavior [ RunTime:0.000000s ]
INFO: [ app_init ] --END-- [ RunTime:0.001000s ]
ERR: 无法加载模块:Dt

[ 2015-05-25T18:33:49+08:00 ] 127.0.0.1 /dt/locales/bootstrap-datepicker.zh-CN.min
INFO: [ app_init ] --START--
INFO: Run Behavior\BuildLiteBehavior [ RunTime:0.000000s ]
INFO: [ app_init ] --END-- [ RunTime:0.001000s ]
ERR: 无法加载模块:Dt

[ 2015-05-25T18:34:15+08:00 ] 127.0.0.1 /dt/locales/bootstrap-datepicker.zh-CN.min
INFO: [ app_init ] --START--
INFO: Run Behavior\BuildLiteBehavior [ RunTime:0.000000s ]
INFO: [ app_init ] --END-- [ RunTime:0.001000s ]
ERR: 无法加载模块:Dt

[ 2015-05-25T18:34:39+08:00 ] 127.0.0.1 /dt/locales/bootstrap-datepicker.zh-CN.min
INFO: [ app_init ] --START--
INFO: Run Behavior\BuildLiteBehavior [ RunTime:0.000000s ]
INFO: [ app_init ] --END-- [ RunTime:0.001000s ]
ERR: 无法加载模块:Dt

[ 2015-05-25T18:35:21+08:00 ] 127.0.0.1 /dt/locales/bootstrap-datepicker.zh-CN.min
INFO: [ app_init ] --START--
INFO: Run Behavior\BuildLiteBehavior [ RunTime:0.000000s ]
INFO: [ app_init ] --END-- [ RunTime:0.001000s ]
ERR: 无法加载模块:Dt

[ 2015-05-25T18:35:26+08:00 ] 127.0.0.1 /dt/locales/bootstrap-datepicker.zh-CN.min
INFO: [ app_init ] --START--
INFO: Run Behavior\BuildLiteBehavior [ RunTime:0.000000s ]
INFO: [ app_init ] --END-- [ RunTime:0.001000s ]
ERR: 无法加载模块:Dt

[ 2015-05-25T18:35:52+08:00 ] 127.0.0.1 /dt/locales/bootstrap-datepicker.zh-CN.min
INFO: [ app_init ] --START--
INFO: Run Behavior\BuildLiteBehavior [ RunTime:0.000000s ]
INFO: [ app_init ] --END-- [ RunTime:0.000000s ]
ERR: 无法加载模块:Dt

